2023-01-30 12:03:00 notice: Undefined property: UsersController::$Authentication in /var/www/html/ck_product/src/Controller/AppController.php on line 58
Request URL: /users
Referer URL: http://localhost:8765/users/add
Client IP: 127.0.0.1
Trace:
Cake\Controller\Controller::__get() /var/www/html/ck_product/vendor/cakephp/cakephp/src/Controller/Controller.php, line 337
App\Controller\AppController::beforeFilter() /var/www/html/ck_product/src/Controller/AppController.php, line 58
App\Controller\UsersController::beforeFilter() /var/www/html/ck_product/src/Controller/UsersController.php, line 143
Cake\Event\EventManager::_callListener() /var/www/html/ck_product/vendor/cakephp/cakephp/src/Event/EventManager.php, line 309
Cake\Event\EventManager::dispatch() /var/www/html/ck_product/vendor/cakephp/cakephp/src/Event/EventManager.php, line 286
Cake\Controller\Controller::dispatchEvent() /var/www/html/ck_product/vendor/cakephp/cakephp/src/Event/EventDispatcherTrait.php, line 92
Cake\Controller\Controller::startupProcess() /var/www/html/ck_product/vendor/cakephp/cakephp/src/Controller/Controller.php, line 644
Cake\Controller\ControllerFactory::handle() /var/www/html/ck_product/vendor/cakephp/cakephp/src/Controller/ControllerFactory.php, line 129
Cake\Controller\ControllerFactory::invoke() /var/www/html/ck_product/vendor/cakephp/cakephp/src/Controller/ControllerFactory.php, line 114
Cake\Http\BaseApplication::handle() /var/www/html/ck_product/vendor/cakephp/cakephp/src/Http/BaseApplication.php, line 320
Cake\Http\Runner::handle() /var/www/html/ck_product/vendor/cakephp/cakephp/src/Http/Runner.php, line 77
Cake\Http\Middleware\CsrfProtectionMiddleware::process() /var/www/html/ck_product/vendor/cakephp/cakephp/src/Http/Middleware/CsrfProtectionMiddleware.php, line 174
Cake\Http\Runner::handle() /var/www/html/ck_product/vendor/cakephp/cakephp/src/Http/Runner.php, line 73
Cake\Http\Middleware\BodyParserMiddleware::process() /var/www/html/ck_product/vendor/cakephp/cakephp/src/Http/Middleware/BodyParserMiddleware.php, line 157
Cake\Http\Runner::handle() /var/www/html/ck_product/vendor/cakephp/cakephp/src/Http/Runner.php, line 73
Authentication\Middleware\AuthenticationMiddleware::process() /var/www/html/ck_product/vendor/cakephp/authentication/src/Middleware/AuthenticationMiddleware.php, line 124
Cake\Http\Runner::handle() /var/www/html/ck_product/vendor/cakephp/cakephp/src/Http/Runner.php, line 73
Cake\Routing\Middleware\RoutingMiddleware::process() /var/www/html/ck_product/vendor/cakephp/cakephp/src/Routing/Middleware/RoutingMiddleware.php, line 186
Cake\Http\Runner::handle() /var/www/html/ck_product/vendor/cakephp/cakephp/src/Http/Runner.php, line 73
Cake\Routing\Middleware\AssetMiddleware::process() /var/www/html/ck_product/vendor/cakephp/cakephp/src/Routing/Middleware/AssetMiddleware.php, line 68
Cake\Http\Runner::handle() /var/www/html/ck_product/vendor/cakephp/cakephp/src/Http/Runner.php, line 73
Cake\Error\Middleware\ErrorHandlerMiddleware::process() /var/www/html/ck_product/vendor/cakephp/cakephp/src/Error/Middleware/ErrorHandlerMiddleware.php, line 131
Cake\Http\Runner::handle() /var/www/html/ck_product/vendor/cakephp/cakephp/src/Http/Runner.php, line 73
DebugKit\Middleware\DebugKitMiddleware::process() /var/www/html/ck_product/vendor/cakephp/debug_kit/src/Middleware/DebugKitMiddleware.php, line 60
Cake\Http\Runner::handle() /var/www/html/ck_product/vendor/cakephp/cakephp/src/Http/Runner.php, line 73
Cake\Http\Runner::run() /var/www/html/ck_product/vendor/cakephp/cakephp/src/Http/Runner.php, line 58
Cake\Http\Server::run() /var/www/html/ck_product/vendor/cakephp/cakephp/src/Http/Server.php, line 90
[main] /var/www/html/ck_product/webroot/index.php, line 40

2023-01-30 12:03:06 notice: Undefined property: UsersController::$Authentication in /var/www/html/ck_product/src/Controller/AppController.php on line 58
Request URL: /users
Client IP: 127.0.0.1
Trace:
Cake\Controller\Controller::__get() /var/www/html/ck_product/vendor/cakephp/cakephp/src/Controller/Controller.php, line 337
App\Controller\AppController::beforeFilter() /var/www/html/ck_product/src/Controller/AppController.php, line 58
App\Controller\UsersController::beforeFilter() /var/www/html/ck_product/src/Controller/UsersController.php, line 143
Cake\Event\EventManager::_callListener() /var/www/html/ck_product/vendor/cakephp/cakephp/src/Event/EventManager.php, line 309
Cake\Event\EventManager::dispatch() /var/www/html/ck_product/vendor/cakephp/cakephp/src/Event/EventManager.php, line 286
Cake\Controller\Controller::dispatchEvent() /var/www/html/ck_product/vendor/cakephp/cakephp/src/Event/EventDispatcherTrait.php, line 92
Cake\Controller\Controller::startupProcess() /var/www/html/ck_product/vendor/cakephp/cakephp/src/Controller/Controller.php, line 644
Cake\Controller\ControllerFactory::handle() /var/www/html/ck_product/vendor/cakephp/cakephp/src/Controller/ControllerFactory.php, line 129
Cake\Controller\ControllerFactory::invoke() /var/www/html/ck_product/vendor/cakephp/cakephp/src/Controller/ControllerFactory.php, line 114
Cake\Http\BaseApplication::handle() /var/www/html/ck_product/vendor/cakephp/cakephp/src/Http/BaseApplication.php, line 320
Cake\Http\Runner::handle() /var/www/html/ck_product/vendor/cakephp/cakephp/src/Http/Runner.php, line 77
Cake\Http\Middleware\CsrfProtectionMiddleware::process() /var/www/html/ck_product/vendor/cakephp/cakephp/src/Http/Middleware/CsrfProtectionMiddleware.php, line 174
Cake\Http\Runner::handle() /var/www/html/ck_product/vendor/cakephp/cakephp/src/Http/Runner.php, line 73
Cake\Http\Middleware\BodyParserMiddleware::process() /var/www/html/ck_product/vendor/cakephp/cakephp/src/Http/Middleware/BodyParserMiddleware.php, line 157
Cake\Http\Runner::handle() /var/www/html/ck_product/vendor/cakephp/cakephp/src/Http/Runner.php, line 73
Authentication\Middleware\AuthenticationMiddleware::process() /var/www/html/ck_product/vendor/cakephp/authentication/src/Middleware/AuthenticationMiddleware.php, line 124
Cake\Http\Runner::handle() /var/www/html/ck_product/vendor/cakephp/cakephp/src/Http/Runner.php, line 73
Cake\Routing\Middleware\RoutingMiddleware::process() /var/www/html/ck_product/vendor/cakephp/cakephp/src/Routing/Middleware/RoutingMiddleware.php, line 186
Cake\Http\Runner::handle() /var/www/html/ck_product/vendor/cakephp/cakephp/src/Http/Runner.php, line 73
Cake\Routing\Middleware\AssetMiddleware::process() /var/www/html/ck_product/vendor/cakephp/cakephp/src/Routing/Middleware/AssetMiddleware.php, line 68
Cake\Http\Runner::handle() /var/www/html/ck_product/vendor/cakephp/cakephp/src/Http/Runner.php, line 73
Cake\Error\Middleware\ErrorHandlerMiddleware::process() /var/www/html/ck_product/vendor/cakephp/cakephp/src/Error/Middleware/ErrorHandlerMiddleware.php, line 131
Cake\Http\Runner::handle() /var/www/html/ck_product/vendor/cakephp/cakephp/src/Http/Runner.php, line 73
DebugKit\Middleware\DebugKitMiddleware::process() /var/www/html/ck_product/vendor/cakephp/debug_kit/src/Middleware/DebugKitMiddleware.php, line 60
Cake\Http\Runner::handle() /var/www/html/ck_product/vendor/cakephp/cakephp/src/Http/Runner.php, line 73
Cake\Http\Runner::run() /var/www/html/ck_product/vendor/cakephp/cakephp/src/Http/Runner.php, line 58
Cake\Http\Server::run() /var/www/html/ck_product/vendor/cakephp/cakephp/src/Http/Server.php, line 90
[main] /var/www/html/ck_product/webroot/index.php, line 40

2023-01-30 12:03:13 notice: Undefined property: UsersController::$Authentication in /var/www/html/ck_product/src/Controller/AppController.php on line 58
Request URL: /users/logout
Client IP: 127.0.0.1
Trace:
Cake\Controller\Controller::__get() /var/www/html/ck_product/vendor/cakephp/cakephp/src/Controller/Controller.php, line 337
App\Controller\AppController::beforeFilter() /var/www/html/ck_product/src/Controller/AppController.php, line 58
App\Controller\UsersController::beforeFilter() /var/www/html/ck_product/src/Controller/UsersController.php, line 143
Cake\Event\EventManager::_callListener() /var/www/html/ck_product/vendor/cakephp/cakephp/src/Event/EventManager.php, line 309
Cake\Event\EventManager::dispatch() /var/www/html/ck_product/vendor/cakephp/cakephp/src/Event/EventManager.php, line 286
Cake\Controller\Controller::dispatchEvent() /var/www/html/ck_product/vendor/cakephp/cakephp/src/Event/EventDispatcherTrait.php, line 92
Cake\Controller\Controller::startupProcess() /var/www/html/ck_product/vendor/cakephp/cakephp/src/Controller/Controller.php, line 644
Cake\Controller\ControllerFactory::handle() /var/www/html/ck_product/vendor/cakephp/cakephp/src/Controller/ControllerFactory.php, line 129
Cake\Controller\ControllerFactory::invoke() /var/www/html/ck_product/vendor/cakephp/cakephp/src/Controller/ControllerFactory.php, line 114
Cake\Http\BaseApplication::handle() /var/www/html/ck_product/vendor/cakephp/cakephp/src/Http/BaseApplication.php, line 320
Cake\Http\Runner::handle() /var/www/html/ck_product/vendor/cakephp/cakephp/src/Http/Runner.php, line 77
Cake\Http\Middleware\CsrfProtectionMiddleware::process() /var/www/html/ck_product/vendor/cakephp/cakephp/src/Http/Middleware/CsrfProtectionMiddleware.php, line 174
Cake\Http\Runner::handle() /var/www/html/ck_product/vendor/cakephp/cakephp/src/Http/Runner.php, line 73
Cake\Http\Middleware\BodyParserMiddleware::process() /var/www/html/ck_product/vendor/cakephp/cakephp/src/Http/Middleware/BodyParserMiddleware.php, line 157
Cake\Http\Runner::handle() /var/www/html/ck_product/vendor/cakephp/cakephp/src/Http/Runner.php, line 73
Authentication\Middleware\AuthenticationMiddleware::process() /var/www/html/ck_product/vendor/cakephp/authentication/src/Middleware/AuthenticationMiddleware.php, line 124
Cake\Http\Runner::handle() /var/www/html/ck_product/vendor/cakephp/cakephp/src/Http/Runner.php, line 73
Cake\Routing\Middleware\RoutingMiddleware::process() /var/www/html/ck_product/vendor/cakephp/cakephp/src/Routing/Middleware/RoutingMiddleware.php, line 186
Cake\Http\Runner::handle() /var/www/html/ck_product/vendor/cakephp/cakephp/src/Http/Runner.php, line 73
Cake\Routing\Middleware\AssetMiddleware::process() /var/www/html/ck_product/vendor/cakephp/cakephp/src/Routing/Middleware/AssetMiddleware.php, line 68
Cake\Http\Runner::handle() /var/www/html/ck_product/vendor/cakephp/cakephp/src/Http/Runner.php, line 73
Cake\Error\Middleware\ErrorHandlerMiddleware::process() /var/www/html/ck_product/vendor/cakephp/cakephp/src/Error/Middleware/ErrorHandlerMiddleware.php, line 131
Cake\Http\Runner::handle() /var/www/html/ck_product/vendor/cakephp/cakephp/src/Http/Runner.php, line 73
DebugKit\Middleware\DebugKitMiddleware::process() /var/www/html/ck_product/vendor/cakephp/debug_kit/src/Middleware/DebugKitMiddleware.php, line 60
Cake\Http\Runner::handle() /var/www/html/ck_product/vendor/cakephp/cakephp/src/Http/Runner.php, line 73
Cake\Http\Runner::run() /var/www/html/ck_product/vendor/cakephp/cakephp/src/Http/Runner.php, line 58
Cake\Http\Server::run() /var/www/html/ck_product/vendor/cakephp/cakephp/src/Http/Server.php, line 90
[main] /var/www/html/ck_product/webroot/index.php, line 40

2023-01-30 12:04:04 notice: Undefined property: UsersController::$Authentication in /var/www/html/ck_product/src/Controller/AppController.php on line 58
Request URL: /users/logout
Client IP: 127.0.0.1
Trace:
Cake\Controller\Controller::__get() /var/www/html/ck_product/vendor/cakephp/cakephp/src/Controller/Controller.php, line 337
App\Controller\AppController::beforeFilter() /var/www/html/ck_product/src/Controller/AppController.php, line 58
App\Controller\UsersController::beforeFilter() /var/www/html/ck_product/src/Controller/UsersController.php, line 143
Cake\Event\EventManager::_callListener() /var/www/html/ck_product/vendor/cakephp/cakephp/src/Event/EventManager.php, line 309
Cake\Event\EventManager::dispatch() /var/www/html/ck_product/vendor/cakephp/cakephp/src/Event/EventManager.php, line 286
Cake\Controller\Controller::dispatchEvent() /var/www/html/ck_product/vendor/cakephp/cakephp/src/Event/EventDispatcherTrait.php, line 92
Cake\Controller\Controller::startupProcess() /var/www/html/ck_product/vendor/cakephp/cakephp/src/Controller/Controller.php, line 644
Cake\Controller\ControllerFactory::handle() /var/www/html/ck_product/vendor/cakephp/cakephp/src/Controller/ControllerFactory.php, line 129
Cake\Controller\ControllerFactory::invoke() /var/www/html/ck_product/vendor/cakephp/cakephp/src/Controller/ControllerFactory.php, line 114
Cake\Http\BaseApplication::handle() /var/www/html/ck_product/vendor/cakephp/cakephp/src/Http/BaseApplication.php, line 320
Cake\Http\Runner::handle() /var/www/html/ck_product/vendor/cakephp/cakephp/src/Http/Runner.php, line 77
Cake\Http\Middleware\CsrfProtectionMiddleware::process() /var/www/html/ck_product/vendor/cakephp/cakephp/src/Http/Middleware/CsrfProtectionMiddleware.php, line 174
Cake\Http\Runner::handle() /var/www/html/ck_product/vendor/cakephp/cakephp/src/Http/Runner.php, line 73
Cake\Http\Middleware\BodyParserMiddleware::process() /var/www/html/ck_product/vendor/cakephp/cakephp/src/Http/Middleware/BodyParserMiddleware.php, line 157
Cake\Http\Runner::handle() /var/www/html/ck_product/vendor/cakephp/cakephp/src/Http/Runner.php, line 73
Authentication\Middleware\AuthenticationMiddleware::process() /var/www/html/ck_product/vendor/cakephp/authentication/src/Middleware/AuthenticationMiddleware.php, line 124
Cake\Http\Runner::handle() /var/www/html/ck_product/vendor/cakephp/cakephp/src/Http/Runner.php, line 73
Cake\Routing\Middleware\RoutingMiddleware::process() /var/www/html/ck_product/vendor/cakephp/cakephp/src/Routing/Middleware/RoutingMiddleware.php, line 186
Cake\Http\Runner::handle() /var/www/html/ck_product/vendor/cakephp/cakephp/src/Http/Runner.php, line 73
Cake\Routing\Middleware\AssetMiddleware::process() /var/www/html/ck_product/vendor/cakephp/cakephp/src/Routing/Middleware/AssetMiddleware.php, line 68
Cake\Http\Runner::handle() /var/www/html/ck_product/vendor/cakephp/cakephp/src/Http/Runner.php, line 73
Cake\Error\Middleware\ErrorHandlerMiddleware::process() /var/www/html/ck_product/vendor/cakephp/cakephp/src/Error/Middleware/ErrorHandlerMiddleware.php, line 131
Cake\Http\Runner::handle() /var/www/html/ck_product/vendor/cakephp/cakephp/src/Http/Runner.php, line 73
DebugKit\Middleware\DebugKitMiddleware::process() /var/www/html/ck_product/vendor/cakephp/debug_kit/src/Middleware/DebugKitMiddleware.php, line 60
Cake\Http\Runner::handle() /var/www/html/ck_product/vendor/cakephp/cakephp/src/Http/Runner.php, line 73
Cake\Http\Runner::run() /var/www/html/ck_product/vendor/cakephp/cakephp/src/Http/Runner.php, line 58
Cake\Http\Server::run() /var/www/html/ck_product/vendor/cakephp/cakephp/src/Http/Server.php, line 90
[main] /var/www/html/ck_product/webroot/index.php, line 40

2023-01-30 12:04:52 notice: Undefined property: UsersController::$Flash in /var/www/html/ck_product/src/Controller/UsersController.php on line 92
Request URL: /users/add
Referer URL: http://localhost:8765/users/add
Client IP: 127.0.0.1
Trace:
Cake\Controller\Controller::__get() /var/www/html/ck_product/vendor/cakephp/cakephp/src/Controller/Controller.php, line 337
App\Controller\UsersController::add() /var/www/html/ck_product/src/Controller/UsersController.php, line 92
Cake\Controller\Controller::invokeAction() /var/www/html/ck_product/vendor/cakephp/cakephp/src/Controller/Controller.php, line 547
Cake\Controller\ControllerFactory::handle() /var/www/html/ck_product/vendor/cakephp/cakephp/src/Controller/ControllerFactory.php, line 139
Cake\Controller\ControllerFactory::invoke() /var/www/html/ck_product/vendor/cakephp/cakephp/src/Controller/ControllerFactory.php, line 114
Cake\Http\BaseApplication::handle() /var/www/html/ck_product/vendor/cakephp/cakephp/src/Http/BaseApplication.php, line 320
Cake\Http\Runner::handle() /var/www/html/ck_product/vendor/cakephp/cakephp/src/Http/Runner.php, line 77
Cake\Http\Middleware\CsrfProtectionMiddleware::process() /var/www/html/ck_product/vendor/cakephp/cakephp/src/Http/Middleware/CsrfProtectionMiddleware.php, line 174
Cake\Http\Runner::handle() /var/www/html/ck_product/vendor/cakephp/cakephp/src/Http/Runner.php, line 73
Cake\Http\Middleware\BodyParserMiddleware::process() /var/www/html/ck_product/vendor/cakephp/cakephp/src/Http/Middleware/BodyParserMiddleware.php, line 162
Cake\Http\Runner::handle() /var/www/html/ck_product/vendor/cakephp/cakephp/src/Http/Runner.php, line 73
Authentication\Middleware\AuthenticationMiddleware::process() /var/www/html/ck_product/vendor/cakephp/authentication/src/Middleware/AuthenticationMiddleware.php, line 124
Cake\Http\Runner::handle() /var/www/html/ck_product/vendor/cakephp/cakephp/src/Http/Runner.php, line 73
Cake\Routing\Middleware\RoutingMiddleware::process() /var/www/html/ck_product/vendor/cakephp/cakephp/src/Routing/Middleware/RoutingMiddleware.php, line 186
Cake\Http\Runner::handle() /var/www/html/ck_product/vendor/cakephp/cakephp/src/Http/Runner.php, line 73
Cake\Routing\Middleware\AssetMiddleware::process() /var/www/html/ck_product/vendor/cakephp/cakephp/src/Routing/Middleware/AssetMiddleware.php, line 68
Cake\Http\Runner::handle() /var/www/html/ck_product/vendor/cakephp/cakephp/src/Http/Runner.php, line 73
Cake\Error\Middleware\ErrorHandlerMiddleware::process() /var/www/html/ck_product/vendor/cakephp/cakephp/src/Error/Middleware/ErrorHandlerMiddleware.php, line 131
Cake\Http\Runner::handle() /var/www/html/ck_product/vendor/cakephp/cakephp/src/Http/Runner.php, line 73
DebugKit\Middleware\DebugKitMiddleware::process() /var/www/html/ck_product/vendor/cakephp/debug_kit/src/Middleware/DebugKitMiddleware.php, line 60
Cake\Http\Runner::handle() /var/www/html/ck_product/vendor/cakephp/cakephp/src/Http/Runner.php, line 73
Cake\Http\Runner::run() /var/www/html/ck_product/vendor/cakephp/cakephp/src/Http/Runner.php, line 58
Cake\Http\Server::run() /var/www/html/ck_product/vendor/cakephp/cakephp/src/Http/Server.php, line 90
[main] /var/www/html/ck_product/webroot/index.php, line 40

2023-01-30 12:05:15 notice: Undefined property: UsersController::$Flash in /var/www/html/ck_product/src/Controller/UsersController.php on line 92
Request URL: /users/add
Referer URL: http://localhost:8765/users/add
Client IP: 127.0.0.1
Trace:
Cake\Controller\Controller::__get() /var/www/html/ck_product/vendor/cakephp/cakephp/src/Controller/Controller.php, line 337
App\Controller\UsersController::add() /var/www/html/ck_product/src/Controller/UsersController.php, line 92
Cake\Controller\Controller::invokeAction() /var/www/html/ck_product/vendor/cakephp/cakephp/src/Controller/Controller.php, line 547
Cake\Controller\ControllerFactory::handle() /var/www/html/ck_product/vendor/cakephp/cakephp/src/Controller/ControllerFactory.php, line 139
Cake\Controller\ControllerFactory::invoke() /var/www/html/ck_product/vendor/cakephp/cakephp/src/Controller/ControllerFactory.php, line 114
Cake\Http\BaseApplication::handle() /var/www/html/ck_product/vendor/cakephp/cakephp/src/Http/BaseApplication.php, line 320
Cake\Http\Runner::handle() /var/www/html/ck_product/vendor/cakephp/cakephp/src/Http/Runner.php, line 77
Cake\Http\Middleware\CsrfProtectionMiddleware::process() /var/www/html/ck_product/vendor/cakephp/cakephp/src/Http/Middleware/CsrfProtectionMiddleware.php, line 174
Cake\Http\Runner::handle() /var/www/html/ck_product/vendor/cakephp/cakephp/src/Http/Runner.php, line 73
Cake\Http\Middleware\BodyParserMiddleware::process() /var/www/html/ck_product/vendor/cakephp/cakephp/src/Http/Middleware/BodyParserMiddleware.php, line 162
Cake\Http\Runner::handle() /var/www/html/ck_product/vendor/cakephp/cakephp/src/Http/Runner.php, line 73
Authentication\Middleware\AuthenticationMiddleware::process() /var/www/html/ck_product/vendor/cakephp/authentication/src/Middleware/AuthenticationMiddleware.php, line 124
Cake\Http\Runner::handle() /var/www/html/ck_product/vendor/cakephp/cakephp/src/Http/Runner.php, line 73
Cake\Routing\Middleware\RoutingMiddleware::process() /var/www/html/ck_product/vendor/cakephp/cakephp/src/Routing/Middleware/RoutingMiddleware.php, line 186
Cake\Http\Runner::handle() /var/www/html/ck_product/vendor/cakephp/cakephp/src/Http/Runner.php, line 73
Cake\Routing\Middleware\AssetMiddleware::process() /var/www/html/ck_product/vendor/cakephp/cakephp/src/Routing/Middleware/AssetMiddleware.php, line 68
Cake\Http\Runner::handle() /var/www/html/ck_product/vendor/cakephp/cakephp/src/Http/Runner.php, line 73
Cake\Error\Middleware\ErrorHandlerMiddleware::process() /var/www/html/ck_product/vendor/cakephp/cakephp/src/Error/Middleware/ErrorHandlerMiddleware.php, line 131
Cake\Http\Runner::handle() /var/www/html/ck_product/vendor/cakephp/cakephp/src/Http/Runner.php, line 73
DebugKit\Middleware\DebugKitMiddleware::process() /var/www/html/ck_product/vendor/cakephp/debug_kit/src/Middleware/DebugKitMiddleware.php, line 60
Cake\Http\Runner::handle() /var/www/html/ck_product/vendor/cakephp/cakephp/src/Http/Runner.php, line 73
Cake\Http\Runner::run() /var/www/html/ck_product/vendor/cakephp/cakephp/src/Http/Runner.php, line 58
Cake\Http\Server::run() /var/www/html/ck_product/vendor/cakephp/cakephp/src/Http/Server.php, line 90
[main] /var/www/html/ck_product/webroot/index.php, line 40

2023-01-30 12:05:43 notice: Undefined property: UsersController::$Flash in /var/www/html/ck_product/src/Controller/UsersController.php on line 92
Request URL: /users/add
Referer URL: http://localhost:8765/users/add
Client IP: 127.0.0.1
Trace:
Cake\Controller\Controller::__get() /var/www/html/ck_product/vendor/cakephp/cakephp/src/Controller/Controller.php, line 337
App\Controller\UsersController::add() /var/www/html/ck_product/src/Controller/UsersController.php, line 92
Cake\Controller\Controller::invokeAction() /var/www/html/ck_product/vendor/cakephp/cakephp/src/Controller/Controller.php, line 547
Cake\Controller\ControllerFactory::handle() /var/www/html/ck_product/vendor/cakephp/cakephp/src/Controller/ControllerFactory.php, line 139
Cake\Controller\ControllerFactory::invoke() /var/www/html/ck_product/vendor/cakephp/cakephp/src/Controller/ControllerFactory.php, line 114
Cake\Http\BaseApplication::handle() /var/www/html/ck_product/vendor/cakephp/cakephp/src/Http/BaseApplication.php, line 320
Cake\Http\Runner::handle() /var/www/html/ck_product/vendor/cakephp/cakephp/src/Http/Runner.php, line 77
Cake\Http\Middleware\CsrfProtectionMiddleware::process() /var/www/html/ck_product/vendor/cakephp/cakephp/src/Http/Middleware/CsrfProtectionMiddleware.php, line 174
Cake\Http\Runner::handle() /var/www/html/ck_product/vendor/cakephp/cakephp/src/Http/Runner.php, line 73
Cake\Http\Middleware\BodyParserMiddleware::process() /var/www/html/ck_product/vendor/cakephp/cakephp/src/Http/Middleware/BodyParserMiddleware.php, line 162
Cake\Http\Runner::handle() /var/www/html/ck_product/vendor/cakephp/cakephp/src/Http/Runner.php, line 73
Authentication\Middleware\AuthenticationMiddleware::process() /var/www/html/ck_product/vendor/cakephp/authentication/src/Middleware/AuthenticationMiddleware.php, line 124
Cake\Http\Runner::handle() /var/www/html/ck_product/vendor/cakephp/cakephp/src/Http/Runner.php, line 73
Cake\Routing\Middleware\RoutingMiddleware::process() /var/www/html/ck_product/vendor/cakephp/cakephp/src/Routing/Middleware/RoutingMiddleware.php, line 186
Cake\Http\Runner::handle() /var/www/html/ck_product/vendor/cakephp/cakephp/src/Http/Runner.php, line 73
Cake\Routing\Middleware\AssetMiddleware::process() /var/www/html/ck_product/vendor/cakephp/cakephp/src/Routing/Middleware/AssetMiddleware.php, line 68
Cake\Http\Runner::handle() /var/www/html/ck_product/vendor/cakephp/cakephp/src/Http/Runner.php, line 73
Cake\Error\Middleware\ErrorHandlerMiddleware::process() /var/www/html/ck_product/vendor/cakephp/cakephp/src/Error/Middleware/ErrorHandlerMiddleware.php, line 131
Cake\Http\Runner::handle() /var/www/html/ck_product/vendor/cakephp/cakephp/src/Http/Runner.php, line 73
DebugKit\Middleware\DebugKitMiddleware::process() /var/www/html/ck_product/vendor/cakephp/debug_kit/src/Middleware/DebugKitMiddleware.php, line 60
Cake\Http\Runner::handle() /var/www/html/ck_product/vendor/cakephp/cakephp/src/Http/Runner.php, line 73
Cake\Http\Runner::run() /var/www/html/ck_product/vendor/cakephp/cakephp/src/Http/Runner.php, line 58
Cake\Http\Server::run() /var/www/html/ck_product/vendor/cakephp/cakephp/src/Http/Server.php, line 90
[main] /var/www/html/ck_product/webroot/index.php, line 40

2023-01-30 12:06:17 notice: Undefined property: UsersController::$Flash in /var/www/html/ck_product/src/Controller/UsersController.php on line 93
Request URL: /users/add
Referer URL: http://localhost:8765/users/add
Client IP: 127.0.0.1
Trace:
Cake\Controller\Controller::__get() /var/www/html/ck_product/vendor/cakephp/cakephp/src/Controller/Controller.php, line 337
App\Controller\UsersController::add() /var/www/html/ck_product/src/Controller/UsersController.php, line 93
Cake\Controller\Controller::invokeAction() /var/www/html/ck_product/vendor/cakephp/cakephp/src/Controller/Controller.php, line 547
Cake\Controller\ControllerFactory::handle() /var/www/html/ck_product/vendor/cakephp/cakephp/src/Controller/ControllerFactory.php, line 139
Cake\Controller\ControllerFactory::invoke() /var/www/html/ck_product/vendor/cakephp/cakephp/src/Controller/ControllerFactory.php, line 114
Cake\Http\BaseApplication::handle() /var/www/html/ck_product/vendor/cakephp/cakephp/src/Http/BaseApplication.php, line 320
Cake\Http\Runner::handle() /var/www/html/ck_product/vendor/cakephp/cakephp/src/Http/Runner.php, line 77
Cake\Http\Middleware\CsrfProtectionMiddleware::process() /var/www/html/ck_product/vendor/cakephp/cakephp/src/Http/Middleware/CsrfProtectionMiddleware.php, line 174
Cake\Http\Runner::handle() /var/www/html/ck_product/vendor/cakephp/cakephp/src/Http/Runner.php, line 73
Cake\Http\Middleware\BodyParserMiddleware::process() /var/www/html/ck_product/vendor/cakephp/cakephp/src/Http/Middleware/BodyParserMiddleware.php, line 162
Cake\Http\Runner::handle() /var/www/html/ck_product/vendor/cakephp/cakephp/src/Http/Runner.php, line 73
Authentication\Middleware\AuthenticationMiddleware::process() /var/www/html/ck_product/vendor/cakephp/authentication/src/Middleware/AuthenticationMiddleware.php, line 124
Cake\Http\Runner::handle() /var/www/html/ck_product/vendor/cakephp/cakephp/src/Http/Runner.php, line 73
Cake\Routing\Middleware\RoutingMiddleware::process() /var/www/html/ck_product/vendor/cakephp/cakephp/src/Routing/Middleware/RoutingMiddleware.php, line 186
Cake\Http\Runner::handle() /var/www/html/ck_product/vendor/cakephp/cakephp/src/Http/Runner.php, line 73
Cake\Routing\Middleware\AssetMiddleware::process() /var/www/html/ck_product/vendor/cakephp/cakephp/src/Routing/Middleware/AssetMiddleware.php, line 68
Cake\Http\Runner::handle() /var/www/html/ck_product/vendor/cakephp/cakephp/src/Http/Runner.php, line 73
Cake\Error\Middleware\ErrorHandlerMiddleware::process() /var/www/html/ck_product/vendor/cakephp/cakephp/src/Error/Middleware/ErrorHandlerMiddleware.php, line 131
Cake\Http\Runner::handle() /var/www/html/ck_product/vendor/cakephp/cakephp/src/Http/Runner.php, line 73
DebugKit\Middleware\DebugKitMiddleware::process() /var/www/html/ck_product/vendor/cakephp/debug_kit/src/Middleware/DebugKitMiddleware.php, line 60
Cake\Http\Runner::handle() /var/www/html/ck_product/vendor/cakephp/cakephp/src/Http/Runner.php, line 73
Cake\Http\Runner::run() /var/www/html/ck_product/vendor/cakephp/cakephp/src/Http/Runner.php, line 58
Cake\Http\Server::run() /var/www/html/ck_product/vendor/cakephp/cakephp/src/Http/Server.php, line 90
[main] /var/www/html/ck_product/webroot/index.php, line 40

2023-01-30 12:07:03 notice: Undefined property: UsersController::$Flash in /var/www/html/ck_product/src/Controller/UsersController.php on line 94
Request URL: /users/add
Referer URL: http://localhost:8765/users/add
Client IP: 127.0.0.1
Trace:
Cake\Controller\Controller::__get() /var/www/html/ck_product/vendor/cakephp/cakephp/src/Controller/Controller.php, line 337
App\Controller\UsersController::add() /var/www/html/ck_product/src/Controller/UsersController.php, line 94
Cake\Controller\Controller::invokeAction() /var/www/html/ck_product/vendor/cakephp/cakephp/src/Controller/Controller.php, line 547
Cake\Controller\ControllerFactory::handle() /var/www/html/ck_product/vendor/cakephp/cakephp/src/Controller/ControllerFactory.php, line 139
Cake\Controller\ControllerFactory::invoke() /var/www/html/ck_product/vendor/cakephp/cakephp/src/Controller/ControllerFactory.php, line 114
Cake\Http\BaseApplication::handle() /var/www/html/ck_product/vendor/cakephp/cakephp/src/Http/BaseApplication.php, line 320
Cake\Http\Runner::handle() /var/www/html/ck_product/vendor/cakephp/cakephp/src/Http/Runner.php, line 77
Cake\Http\Middleware\CsrfProtectionMiddleware::process() /var/www/html/ck_product/vendor/cakephp/cakephp/src/Http/Middleware/CsrfProtectionMiddleware.php, line 174
Cake\Http\Runner::handle() /var/www/html/ck_product/vendor/cakephp/cakephp/src/Http/Runner.php, line 73
Cake\Http\Middleware\BodyParserMiddleware::process() /var/www/html/ck_product/vendor/cakephp/cakephp/src/Http/Middleware/BodyParserMiddleware.php, line 162
Cake\Http\Runner::handle() /var/www/html/ck_product/vendor/cakephp/cakephp/src/Http/Runner.php, line 73
Authentication\Middleware\AuthenticationMiddleware::process() /var/www/html/ck_product/vendor/cakephp/authentication/src/Middleware/AuthenticationMiddleware.php, line 124
Cake\Http\Runner::handle() /var/www/html/ck_product/vendor/cakephp/cakephp/src/Http/Runner.php, line 73
Cake\Routing\Middleware\RoutingMiddleware::process() /var/www/html/ck_product/vendor/cakephp/cakephp/src/Routing/Middleware/RoutingMiddleware.php, line 186
Cake\Http\Runner::handle() /var/www/html/ck_product/vendor/cakephp/cakephp/src/Http/Runner.php, line 73
Cake\Routing\Middleware\AssetMiddleware::process() /var/www/html/ck_product/vendor/cakephp/cakephp/src/Routing/Middleware/AssetMiddleware.php, line 68
Cake\Http\Runner::handle() /var/www/html/ck_product/vendor/cakephp/cakephp/src/Http/Runner.php, line 73
Cake\Error\Middleware\ErrorHandlerMiddleware::process() /var/www/html/ck_product/vendor/cakephp/cakephp/src/Error/Middleware/ErrorHandlerMiddleware.php, line 131
Cake\Http\Runner::handle() /var/www/html/ck_product/vendor/cakephp/cakephp/src/Http/Runner.php, line 73
DebugKit\Middleware\DebugKitMiddleware::process() /var/www/html/ck_product/vendor/cakephp/debug_kit/src/Middleware/DebugKitMiddleware.php, line 60
Cake\Http\Runner::handle() /var/www/html/ck_product/vendor/cakephp/cakephp/src/Http/Runner.php, line 73
Cake\Http\Runner::run() /var/www/html/ck_product/vendor/cakephp/cakephp/src/Http/Runner.php, line 58
Cake\Http\Server::run() /var/www/html/ck_product/vendor/cakephp/cakephp/src/Http/Server.php, line 90
[main] /var/www/html/ck_product/webroot/index.php, line 40

2023-01-30 12:07:15 notice: Undefined property: UsersController::$Flash in /var/www/html/ck_product/src/Controller/UsersController.php on line 94
Request URL: /users/add
Referer URL: http://localhost:8765/users/add
Client IP: 127.0.0.1
Trace:
Cake\Controller\Controller::__get() /var/www/html/ck_product/vendor/cakephp/cakephp/src/Controller/Controller.php, line 337
App\Controller\UsersController::add() /var/www/html/ck_product/src/Controller/UsersController.php, line 94
Cake\Controller\Controller::invokeAction() /var/www/html/ck_product/vendor/cakephp/cakephp/src/Controller/Controller.php, line 547
Cake\Controller\ControllerFactory::handle() /var/www/html/ck_product/vendor/cakephp/cakephp/src/Controller/ControllerFactory.php, line 139
Cake\Controller\ControllerFactory::invoke() /var/www/html/ck_product/vendor/cakephp/cakephp/src/Controller/ControllerFactory.php, line 114
Cake\Http\BaseApplication::handle() /var/www/html/ck_product/vendor/cakephp/cakephp/src/Http/BaseApplication.php, line 320
Cake\Http\Runner::handle() /var/www/html/ck_product/vendor/cakephp/cakephp/src/Http/Runner.php, line 77
Cake\Http\Middleware\CsrfProtectionMiddleware::process() /var/www/html/ck_product/vendor/cakephp/cakephp/src/Http/Middleware/CsrfProtectionMiddleware.php, line 174
Cake\Http\Runner::handle() /var/www/html/ck_product/vendor/cakephp/cakephp/src/Http/Runner.php, line 73
Cake\Http\Middleware\BodyParserMiddleware::process() /var/www/html/ck_product/vendor/cakephp/cakephp/src/Http/Middleware/BodyParserMiddleware.php, line 162
Cake\Http\Runner::handle() /var/www/html/ck_product/vendor/cakephp/cakephp/src/Http/Runner.php, line 73
Authentication\Middleware\AuthenticationMiddleware::process() /var/www/html/ck_product/vendor/cakephp/authentication/src/Middleware/AuthenticationMiddleware.php, line 124
Cake\Http\Runner::handle() /var/www/html/ck_product/vendor/cakephp/cakephp/src/Http/Runner.php, line 73
Cake\Routing\Middleware\RoutingMiddleware::process() /var/www/html/ck_product/vendor/cakephp/cakephp/src/Routing/Middleware/RoutingMiddleware.php, line 186
Cake\Http\Runner::handle() /var/www/html/ck_product/vendor/cakephp/cakephp/src/Http/Runner.php, line 73
Cake\Routing\Middleware\AssetMiddleware::process() /var/www/html/ck_product/vendor/cakephp/cakephp/src/Routing/Middleware/AssetMiddleware.php, line 68
Cake\Http\Runner::handle() /var/www/html/ck_product/vendor/cakephp/cakephp/src/Http/Runner.php, line 73
Cake\Error\Middleware\ErrorHandlerMiddleware::process() /var/www/html/ck_product/vendor/cakephp/cakephp/src/Error/Middleware/ErrorHandlerMiddleware.php, line 131
Cake\Http\Runner::handle() /var/www/html/ck_product/vendor/cakephp/cakephp/src/Http/Runner.php, line 73
DebugKit\Middleware\DebugKitMiddleware::process() /var/www/html/ck_product/vendor/cakephp/debug_kit/src/Middleware/DebugKitMiddleware.php, line 60
Cake\Http\Runner::handle() /var/www/html/ck_product/vendor/cakephp/cakephp/src/Http/Runner.php, line 73
Cake\Http\Runner::run() /var/www/html/ck_product/vendor/cakephp/cakephp/src/Http/Runner.php, line 58
Cake\Http\Server::run() /var/www/html/ck_product/vendor/cakephp/cakephp/src/Http/Server.php, line 90
[main] /var/www/html/ck_product/webroot/index.php, line 40

2023-01-30 12:08:00 notice: Undefined property: UsersController::$Flash in /var/www/html/ck_product/src/Controller/UsersController.php on line 94
Request URL: /users/add
Referer URL: http://localhost:8765/users/add
Client IP: 127.0.0.1
Trace:
Cake\Controller\Controller::__get() /var/www/html/ck_product/vendor/cakephp/cakephp/src/Controller/Controller.php, line 337
App\Controller\UsersController::add() /var/www/html/ck_product/src/Controller/UsersController.php, line 94
Cake\Controller\Controller::invokeAction() /var/www/html/ck_product/vendor/cakephp/cakephp/src/Controller/Controller.php, line 547
Cake\Controller\ControllerFactory::handle() /var/www/html/ck_product/vendor/cakephp/cakephp/src/Controller/ControllerFactory.php, line 139
Cake\Controller\ControllerFactory::invoke() /var/www/html/ck_product/vendor/cakephp/cakephp/src/Controller/ControllerFactory.php, line 114
Cake\Http\BaseApplication::handle() /var/www/html/ck_product/vendor/cakephp/cakephp/src/Http/BaseApplication.php, line 320
Cake\Http\Runner::handle() /var/www/html/ck_product/vendor/cakephp/cakephp/src/Http/Runner.php, line 77
Cake\Http\Middleware\CsrfProtectionMiddleware::process() /var/www/html/ck_product/vendor/cakephp/cakephp/src/Http/Middleware/CsrfProtectionMiddleware.php, line 174
Cake\Http\Runner::handle() /var/www/html/ck_product/vendor/cakephp/cakephp/src/Http/Runner.php, line 73
Cake\Http\Middleware\BodyParserMiddleware::process() /var/www/html/ck_product/vendor/cakephp/cakephp/src/Http/Middleware/BodyParserMiddleware.php, line 162
Cake\Http\Runner::handle() /var/www/html/ck_product/vendor/cakephp/cakephp/src/Http/Runner.php, line 73
Authentication\Middleware\AuthenticationMiddleware::process() /var/www/html/ck_product/vendor/cakephp/authentication/src/Middleware/AuthenticationMiddleware.php, line 124
Cake\Http\Runner::handle() /var/www/html/ck_product/vendor/cakephp/cakephp/src/Http/Runner.php, line 73
Cake\Routing\Middleware\RoutingMiddleware::process() /var/www/html/ck_product/vendor/cakephp/cakephp/src/Routing/Middleware/RoutingMiddleware.php, line 186
Cake\Http\Runner::handle() /var/www/html/ck_product/vendor/cakephp/cakephp/src/Http/Runner.php, line 73
Cake\Routing\Middleware\AssetMiddleware::process() /var/www/html/ck_product/vendor/cakephp/cakephp/src/Routing/Middleware/AssetMiddleware.php, line 68
Cake\Http\Runner::handle() /var/www/html/ck_product/vendor/cakephp/cakephp/src/Http/Runner.php, line 73
Cake\Error\Middleware\ErrorHandlerMiddleware::process() /var/www/html/ck_product/vendor/cakephp/cakephp/src/Error/Middleware/ErrorHandlerMiddleware.php, line 131
Cake\Http\Runner::handle() /var/www/html/ck_product/vendor/cakephp/cakephp/src/Http/Runner.php, line 73
DebugKit\Middleware\DebugKitMiddleware::process() /var/www/html/ck_product/vendor/cakephp/debug_kit/src/Middleware/DebugKitMiddleware.php, line 60
Cake\Http\Runner::handle() /var/www/html/ck_product/vendor/cakephp/cakephp/src/Http/Runner.php, line 73
Cake\Http\Runner::run() /var/www/html/ck_product/vendor/cakephp/cakephp/src/Http/Runner.php, line 58
Cake\Http\Server::run() /var/www/html/ck_product/vendor/cakephp/cakephp/src/Http/Server.php, line 90
[main] /var/www/html/ck_product/webroot/index.php, line 40

2023-01-30 12:08:16 notice: Undefined property: UsersController::$Flash in /var/www/html/ck_product/src/Controller/UsersController.php on line 94
Request URL: /users/add
Referer URL: http://localhost:8765/users/add
Client IP: 127.0.0.1
Trace:
Cake\Controller\Controller::__get() /var/www/html/ck_product/vendor/cakephp/cakephp/src/Controller/Controller.php, line 337
App\Controller\UsersController::add() /var/www/html/ck_product/src/Controller/UsersController.php, line 94
Cake\Controller\Controller::invokeAction() /var/www/html/ck_product/vendor/cakephp/cakephp/src/Controller/Controller.php, line 547
Cake\Controller\ControllerFactory::handle() /var/www/html/ck_product/vendor/cakephp/cakephp/src/Controller/ControllerFactory.php, line 139
Cake\Controller\ControllerFactory::invoke() /var/www/html/ck_product/vendor/cakephp/cakephp/src/Controller/ControllerFactory.php, line 114
Cake\Http\BaseApplication::handle() /var/www/html/ck_product/vendor/cakephp/cakephp/src/Http/BaseApplication.php, line 320
Cake\Http\Runner::handle() /var/www/html/ck_product/vendor/cakephp/cakephp/src/Http/Runner.php, line 77
Cake\Http\Middleware\CsrfProtectionMiddleware::process() /var/www/html/ck_product/vendor/cakephp/cakephp/src/Http/Middleware/CsrfProtectionMiddleware.php, line 174
Cake\Http\Runner::handle() /var/www/html/ck_product/vendor/cakephp/cakephp/src/Http/Runner.php, line 73
Cake\Http\Middleware\BodyParserMiddleware::process() /var/www/html/ck_product/vendor/cakephp/cakephp/src/Http/Middleware/BodyParserMiddleware.php, line 162
Cake\Http\Runner::handle() /var/www/html/ck_product/vendor/cakephp/cakephp/src/Http/Runner.php, line 73
Authentication\Middleware\AuthenticationMiddleware::process() /var/www/html/ck_product/vendor/cakephp/authentication/src/Middleware/AuthenticationMiddleware.php, line 124
Cake\Http\Runner::handle() /var/www/html/ck_product/vendor/cakephp/cakephp/src/Http/Runner.php, line 73
Cake\Routing\Middleware\RoutingMiddleware::process() /var/www/html/ck_product/vendor/cakephp/cakephp/src/Routing/Middleware/RoutingMiddleware.php, line 186
Cake\Http\Runner::handle() /var/www/html/ck_product/vendor/cakephp/cakephp/src/Http/Runner.php, line 73
Cake\Routing\Middleware\AssetMiddleware::process() /var/www/html/ck_product/vendor/cakephp/cakephp/src/Routing/Middleware/AssetMiddleware.php, line 68
Cake\Http\Runner::handle() /var/www/html/ck_product/vendor/cakephp/cakephp/src/Http/Runner.php, line 73
Cake\Error\Middleware\ErrorHandlerMiddleware::process() /var/www/html/ck_product/vendor/cakephp/cakephp/src/Error/Middleware/ErrorHandlerMiddleware.php, line 131
Cake\Http\Runner::handle() /var/www/html/ck_product/vendor/cakephp/cakephp/src/Http/Runner.php, line 73
DebugKit\Middleware\DebugKitMiddleware::process() /var/www/html/ck_product/vendor/cakephp/debug_kit/src/Middleware/DebugKitMiddleware.php, line 60
Cake\Http\Runner::handle() /var/www/html/ck_product/vendor/cakephp/cakephp/src/Http/Runner.php, line 73
Cake\Http\Runner::run() /var/www/html/ck_product/vendor/cakephp/cakephp/src/Http/Runner.php, line 58
Cake\Http\Server::run() /var/www/html/ck_product/vendor/cakephp/cakephp/src/Http/Server.php, line 90
[main] /var/www/html/ck_product/webroot/index.php, line 40

2023-01-30 12:09:30 notice: Undefined property: UsersController::$Flash in /var/www/html/ck_product/src/Controller/UsersController.php on line 94
Request URL: /users/add
Referer URL: http://localhost:8765/users/add
Client IP: 127.0.0.1
Trace:
Cake\Controller\Controller::__get() /var/www/html/ck_product/vendor/cakephp/cakephp/src/Controller/Controller.php, line 337
App\Controller\UsersController::add() /var/www/html/ck_product/src/Controller/UsersController.php, line 94
Cake\Controller\Controller::invokeAction() /var/www/html/ck_product/vendor/cakephp/cakephp/src/Controller/Controller.php, line 547
Cake\Controller\ControllerFactory::handle() /var/www/html/ck_product/vendor/cakephp/cakephp/src/Controller/ControllerFactory.php, line 139
Cake\Controller\ControllerFactory::invoke() /var/www/html/ck_product/vendor/cakephp/cakephp/src/Controller/ControllerFactory.php, line 114
Cake\Http\BaseApplication::handle() /var/www/html/ck_product/vendor/cakephp/cakephp/src/Http/BaseApplication.php, line 320
Cake\Http\Runner::handle() /var/www/html/ck_product/vendor/cakephp/cakephp/src/Http/Runner.php, line 77
Cake\Http\Middleware\CsrfProtectionMiddleware::process() /var/www/html/ck_product/vendor/cakephp/cakephp/src/Http/Middleware/CsrfProtectionMiddleware.php, line 174
Cake\Http\Runner::handle() /var/www/html/ck_product/vendor/cakephp/cakephp/src/Http/Runner.php, line 73
Cake\Http\Middleware\BodyParserMiddleware::process() /var/www/html/ck_product/vendor/cakephp/cakephp/src/Http/Middleware/BodyParserMiddleware.php, line 162
Cake\Http\Runner::handle() /var/www/html/ck_product/vendor/cakephp/cakephp/src/Http/Runner.php, line 73
Authentication\Middleware\AuthenticationMiddleware::process() /var/www/html/ck_product/vendor/cakephp/authentication/src/Middleware/AuthenticationMiddleware.php, line 124
Cake\Http\Runner::handle() /var/www/html/ck_product/vendor/cakephp/cakephp/src/Http/Runner.php, line 73
Cake\Routing\Middleware\RoutingMiddleware::process() /var/www/html/ck_product/vendor/cakephp/cakephp/src/Routing/Middleware/RoutingMiddleware.php, line 186
Cake\Http\Runner::handle() /var/www/html/ck_product/vendor/cakephp/cakephp/src/Http/Runner.php, line 73
Cake\Routing\Middleware\AssetMiddleware::process() /var/www/html/ck_product/vendor/cakephp/cakephp/src/Routing/Middleware/AssetMiddleware.php, line 68
Cake\Http\Runner::handle() /var/www/html/ck_product/vendor/cakephp/cakephp/src/Http/Runner.php, line 73
Cake\Error\Middleware\ErrorHandlerMiddleware::process() /var/www/html/ck_product/vendor/cakephp/cakephp/src/Error/Middleware/ErrorHandlerMiddleware.php, line 131
Cake\Http\Runner::handle() /var/www/html/ck_product/vendor/cakephp/cakephp/src/Http/Runner.php, line 73
DebugKit\Middleware\DebugKitMiddleware::process() /var/www/html/ck_product/vendor/cakephp/debug_kit/src/Middleware/DebugKitMiddleware.php, line 60
Cake\Http\Runner::handle() /var/www/html/ck_product/vendor/cakephp/cakephp/src/Http/Runner.php, line 73
Cake\Http\Runner::run() /var/www/html/ck_product/vendor/cakephp/cakephp/src/Http/Runner.php, line 58
Cake\Http\Server::run() /var/www/html/ck_product/vendor/cakephp/cakephp/src/Http/Server.php, line 90
[main] /var/www/html/ck_product/webroot/index.php, line 40

2023-01-30 12:09:43 notice: Undefined property: UsersController::$Flash in /var/www/html/ck_product/src/Controller/UsersController.php on line 94
Request URL: /users/add
Referer URL: http://localhost:8765/users/add
Client IP: 127.0.0.1
Trace:
Cake\Controller\Controller::__get() /var/www/html/ck_product/vendor/cakephp/cakephp/src/Controller/Controller.php, line 337
App\Controller\UsersController::add() /var/www/html/ck_product/src/Controller/UsersController.php, line 94
Cake\Controller\Controller::invokeAction() /var/www/html/ck_product/vendor/cakephp/cakephp/src/Controller/Controller.php, line 547
Cake\Controller\ControllerFactory::handle() /var/www/html/ck_product/vendor/cakephp/cakephp/src/Controller/ControllerFactory.php, line 139
Cake\Controller\ControllerFactory::invoke() /var/www/html/ck_product/vendor/cakephp/cakephp/src/Controller/ControllerFactory.php, line 114
Cake\Http\BaseApplication::handle() /var/www/html/ck_product/vendor/cakephp/cakephp/src/Http/BaseApplication.php, line 320
Cake\Http\Runner::handle() /var/www/html/ck_product/vendor/cakephp/cakephp/src/Http/Runner.php, line 77
Cake\Http\Middleware\CsrfProtectionMiddleware::process() /var/www/html/ck_product/vendor/cakephp/cakephp/src/Http/Middleware/CsrfProtectionMiddleware.php, line 174
Cake\Http\Runner::handle() /var/www/html/ck_product/vendor/cakephp/cakephp/src/Http/Runner.php, line 73
Cake\Http\Middleware\BodyParserMiddleware::process() /var/www/html/ck_product/vendor/cakephp/cakephp/src/Http/Middleware/BodyParserMiddleware.php, line 162
Cake\Http\Runner::handle() /var/www/html/ck_product/vendor/cakephp/cakephp/src/Http/Runner.php, line 73
Authentication\Middleware\AuthenticationMiddleware::process() /var/www/html/ck_product/vendor/cakephp/authentication/src/Middleware/AuthenticationMiddleware.php, line 124
Cake\Http\Runner::handle() /var/www/html/ck_product/vendor/cakephp/cakephp/src/Http/Runner.php, line 73
Cake\Routing\Middleware\RoutingMiddleware::process() /var/www/html/ck_product/vendor/cakephp/cakephp/src/Routing/Middleware/RoutingMiddleware.php, line 186
Cake\Http\Runner::handle() /var/www/html/ck_product/vendor/cakephp/cakephp/src/Http/Runner.php, line 73
Cake\Routing\Middleware\AssetMiddleware::process() /var/www/html/ck_product/vendor/cakephp/cakephp/src/Routing/Middleware/AssetMiddleware.php, line 68
Cake\Http\Runner::handle() /var/www/html/ck_product/vendor/cakephp/cakephp/src/Http/Runner.php, line 73
Cake\Error\Middleware\ErrorHandlerMiddleware::process() /var/www/html/ck_product/vendor/cakephp/cakephp/src/Error/Middleware/ErrorHandlerMiddleware.php, line 131
Cake\Http\Runner::handle() /var/www/html/ck_product/vendor/cakephp/cakephp/src/Http/Runner.php, line 73
DebugKit\Middleware\DebugKitMiddleware::process() /var/www/html/ck_product/vendor/cakephp/debug_kit/src/Middleware/DebugKitMiddleware.php, line 60
Cake\Http\Runner::handle() /var/www/html/ck_product/vendor/cakephp/cakephp/src/Http/Runner.php, line 73
Cake\Http\Runner::run() /var/www/html/ck_product/vendor/cakephp/cakephp/src/Http/Runner.php, line 58
Cake\Http\Server::run() /var/www/html/ck_product/vendor/cakephp/cakephp/src/Http/Server.php, line 90
[main] /var/www/html/ck_product/webroot/index.php, line 40

2023-01-30 12:10:41 notice: Undefined property: UsersController::$Flash in /var/www/html/ck_product/src/Controller/UsersController.php on line 94
Request URL: /users/add
Referer URL: http://localhost:8765/users/add
Client IP: 127.0.0.1
Trace:
Cake\Controller\Controller::__get() /var/www/html/ck_product/vendor/cakephp/cakephp/src/Controller/Controller.php, line 337
App\Controller\UsersController::add() /var/www/html/ck_product/src/Controller/UsersController.php, line 94
Cake\Controller\Controller::invokeAction() /var/www/html/ck_product/vendor/cakephp/cakephp/src/Controller/Controller.php, line 547
Cake\Controller\ControllerFactory::handle() /var/www/html/ck_product/vendor/cakephp/cakephp/src/Controller/ControllerFactory.php, line 139
Cake\Controller\ControllerFactory::invoke() /var/www/html/ck_product/vendor/cakephp/cakephp/src/Controller/ControllerFactory.php, line 114
Cake\Http\BaseApplication::handle() /var/www/html/ck_product/vendor/cakephp/cakephp/src/Http/BaseApplication.php, line 320
Cake\Http\Runner::handle() /var/www/html/ck_product/vendor/cakephp/cakephp/src/Http/Runner.php, line 77
Cake\Http\Middleware\CsrfProtectionMiddleware::process() /var/www/html/ck_product/vendor/cakephp/cakephp/src/Http/Middleware/CsrfProtectionMiddleware.php, line 174
Cake\Http\Runner::handle() /var/www/html/ck_product/vendor/cakephp/cakephp/src/Http/Runner.php, line 73
Cake\Http\Middleware\BodyParserMiddleware::process() /var/www/html/ck_product/vendor/cakephp/cakephp/src/Http/Middleware/BodyParserMiddleware.php, line 162
Cake\Http\Runner::handle() /var/www/html/ck_product/vendor/cakephp/cakephp/src/Http/Runner.php, line 73
Authentication\Middleware\AuthenticationMiddleware::process() /var/www/html/ck_product/vendor/cakephp/authentication/src/Middleware/AuthenticationMiddleware.php, line 124
Cake\Http\Runner::handle() /var/www/html/ck_product/vendor/cakephp/cakephp/src/Http/Runner.php, line 73
Cake\Routing\Middleware\RoutingMiddleware::process() /var/www/html/ck_product/vendor/cakephp/cakephp/src/Routing/Middleware/RoutingMiddleware.php, line 186
Cake\Http\Runner::handle() /var/www/html/ck_product/vendor/cakephp/cakephp/src/Http/Runner.php, line 73
Cake\Routing\Middleware\AssetMiddleware::process() /var/www/html/ck_product/vendor/cakephp/cakephp/src/Routing/Middleware/AssetMiddleware.php, line 68
Cake\Http\Runner::handle() /var/www/html/ck_product/vendor/cakephp/cakephp/src/Http/Runner.php, line 73
Cake\Error\Middleware\ErrorHandlerMiddleware::process() /var/www/html/ck_product/vendor/cakephp/cakephp/src/Error/Middleware/ErrorHandlerMiddleware.php, line 131
Cake\Http\Runner::handle() /var/www/html/ck_product/vendor/cakephp/cakephp/src/Http/Runner.php, line 73
DebugKit\Middleware\DebugKitMiddleware::process() /var/www/html/ck_product/vendor/cakephp/debug_kit/src/Middleware/DebugKitMiddleware.php, line 60
Cake\Http\Runner::handle() /var/www/html/ck_product/vendor/cakephp/cakephp/src/Http/Runner.php, line 73
Cake\Http\Runner::run() /var/www/html/ck_product/vendor/cakephp/cakephp/src/Http/Runner.php, line 58
Cake\Http\Server::run() /var/www/html/ck_product/vendor/cakephp/cakephp/src/Http/Server.php, line 90
[main] /var/www/html/ck_product/webroot/index.php, line 40

2023-01-30 12:44:05 notice: Undefined variable: user2
Request URL: /users/add
Referer URL: http://localhost:8765/users/add
Client IP: 127.0.0.1
Trace:
App\Controller\UsersController::add() /var/www/html/ck_product/src/Controller/UsersController.php, line 86
Cake\Controller\Controller::invokeAction() /var/www/html/ck_product/vendor/cakephp/cakephp/src/Controller/Controller.php, line 547
Cake\Controller\ControllerFactory::handle() /var/www/html/ck_product/vendor/cakephp/cakephp/src/Controller/ControllerFactory.php, line 139
Cake\Controller\ControllerFactory::invoke() /var/www/html/ck_product/vendor/cakephp/cakephp/src/Controller/ControllerFactory.php, line 114
Cake\Http\BaseApplication::handle() /var/www/html/ck_product/vendor/cakephp/cakephp/src/Http/BaseApplication.php, line 320
Cake\Http\Runner::handle() /var/www/html/ck_product/vendor/cakephp/cakephp/src/Http/Runner.php, line 77
Cake\Http\Middleware\CsrfProtectionMiddleware::process() /var/www/html/ck_product/vendor/cakephp/cakephp/src/Http/Middleware/CsrfProtectionMiddleware.php, line 174
Cake\Http\Runner::handle() /var/www/html/ck_product/vendor/cakephp/cakephp/src/Http/Runner.php, line 73
Cake\Http\Middleware\BodyParserMiddleware::process() /var/www/html/ck_product/vendor/cakephp/cakephp/src/Http/Middleware/BodyParserMiddleware.php, line 162
Cake\Http\Runner::handle() /var/www/html/ck_product/vendor/cakephp/cakephp/src/Http/Runner.php, line 73
Authentication\Middleware\AuthenticationMiddleware::process() /var/www/html/ck_product/vendor/cakephp/authentication/src/Middleware/AuthenticationMiddleware.php, line 124
Cake\Http\Runner::handle() /var/www/html/ck_product/vendor/cakephp/cakephp/src/Http/Runner.php, line 73
Cake\Routing\Middleware\RoutingMiddleware::process() /var/www/html/ck_product/vendor/cakephp/cakephp/src/Routing/Middleware/RoutingMiddleware.php, line 186
Cake\Http\Runner::handle() /var/www/html/ck_product/vendor/cakephp/cakephp/src/Http/Runner.php, line 73
Cake\Routing\Middleware\AssetMiddleware::process() /var/www/html/ck_product/vendor/cakephp/cakephp/src/Routing/Middleware/AssetMiddleware.php, line 68
Cake\Http\Runner::handle() /var/www/html/ck_product/vendor/cakephp/cakephp/src/Http/Runner.php, line 73
Cake\Error\Middleware\ErrorHandlerMiddleware::process() /var/www/html/ck_product/vendor/cakephp/cakephp/src/Error/Middleware/ErrorHandlerMiddleware.php, line 131
Cake\Http\Runner::handle() /var/www/html/ck_product/vendor/cakephp/cakephp/src/Http/Runner.php, line 73
DebugKit\Middleware\DebugKitMiddleware::process() /var/www/html/ck_product/vendor/cakephp/debug_kit/src/Middleware/DebugKitMiddleware.php, line 60
Cake\Http\Runner::handle() /var/www/html/ck_product/vendor/cakephp/cakephp/src/Http/Runner.php, line 73
Cake\Http\Runner::run() /var/www/html/ck_product/vendor/cakephp/cakephp/src/Http/Runner.php, line 58
Cake\Http\Server::run() /var/www/html/ck_product/vendor/cakephp/cakephp/src/Http/Server.php, line 90
[main] /var/www/html/ck_product/webroot/index.php, line 40

2023-01-30 12:52:54 notice: Undefined variable: email
Request URL: /users/add
Referer URL: http://localhost:8765/users/add
Client IP: 127.0.0.1
Trace:
App\Controller\UsersController::add() /var/www/html/ck_product/src/Controller/UsersController.php, line 64
Cake\Controller\Controller::invokeAction() /var/www/html/ck_product/vendor/cakephp/cakephp/src/Controller/Controller.php, line 547
Cake\Controller\ControllerFactory::handle() /var/www/html/ck_product/vendor/cakephp/cakephp/src/Controller/ControllerFactory.php, line 139
Cake\Controller\ControllerFactory::invoke() /var/www/html/ck_product/vendor/cakephp/cakephp/src/Controller/ControllerFactory.php, line 114
Cake\Http\BaseApplication::handle() /var/www/html/ck_product/vendor/cakephp/cakephp/src/Http/BaseApplication.php, line 320
Cake\Http\Runner::handle() /var/www/html/ck_product/vendor/cakephp/cakephp/src/Http/Runner.php, line 77
Cake\Http\Middleware\CsrfProtectionMiddleware::process() /var/www/html/ck_product/vendor/cakephp/cakephp/src/Http/Middleware/CsrfProtectionMiddleware.php, line 174
Cake\Http\Runner::handle() /var/www/html/ck_product/vendor/cakephp/cakephp/src/Http/Runner.php, line 73
Cake\Http\Middleware\BodyParserMiddleware::process() /var/www/html/ck_product/vendor/cakephp/cakephp/src/Http/Middleware/BodyParserMiddleware.php, line 162
Cake\Http\Runner::handle() /var/www/html/ck_product/vendor/cakephp/cakephp/src/Http/Runner.php, line 73
Authentication\Middleware\AuthenticationMiddleware::process() /var/www/html/ck_product/vendor/cakephp/authentication/src/Middleware/AuthenticationMiddleware.php, line 124
Cake\Http\Runner::handle() /var/www/html/ck_product/vendor/cakephp/cakephp/src/Http/Runner.php, line 73
Cake\Routing\Middleware\RoutingMiddleware::process() /var/www/html/ck_product/vendor/cakephp/cakephp/src/Routing/Middleware/RoutingMiddleware.php, line 186
Cake\Http\Runner::handle() /var/www/html/ck_product/vendor/cakephp/cakephp/src/Http/Runner.php, line 73
Cake\Routing\Middleware\AssetMiddleware::process() /var/www/html/ck_product/vendor/cakephp/cakephp/src/Routing/Middleware/AssetMiddleware.php, line 68
Cake\Http\Runner::handle() /var/www/html/ck_product/vendor/cakephp/cakephp/src/Http/Runner.php, line 73
Cake\Error\Middleware\ErrorHandlerMiddleware::process() /var/www/html/ck_product/vendor/cakephp/cakephp/src/Error/Middleware/ErrorHandlerMiddleware.php, line 131
Cake\Http\Runner::handle() /var/www/html/ck_product/vendor/cakephp/cakephp/src/Http/Runner.php, line 73
DebugKit\Middleware\DebugKitMiddleware::process() /var/www/html/ck_product/vendor/cakephp/debug_kit/src/Middleware/DebugKitMiddleware.php, line 60
Cake\Http\Runner::handle() /var/www/html/ck_product/vendor/cakephp/cakephp/src/Http/Runner.php, line 73
Cake\Http\Runner::run() /var/www/html/ck_product/vendor/cakephp/cakephp/src/Http/Runner.php, line 58
Cake\Http\Server::run() /var/www/html/ck_product/vendor/cakephp/cakephp/src/Http/Server.php, line 90
[main] /var/www/html/ck_product/webroot/index.php, line 40

2023-01-30 12:54:02 notice: Undefined property: UsersController::$Details in /var/www/html/ck_product/src/Controller/UsersController.php on line 66
Request URL: /users/add
Referer URL: http://localhost:8765/users/add
Client IP: 127.0.0.1
Trace:
Cake\Controller\Controller::__get() /var/www/html/ck_product/vendor/cakephp/cakephp/src/Controller/Controller.php, line 337
App\Controller\UsersController::add() /var/www/html/ck_product/src/Controller/UsersController.php, line 66
Cake\Controller\Controller::invokeAction() /var/www/html/ck_product/vendor/cakephp/cakephp/src/Controller/Controller.php, line 547
Cake\Controller\ControllerFactory::handle() /var/www/html/ck_product/vendor/cakephp/cakephp/src/Controller/ControllerFactory.php, line 139
Cake\Controller\ControllerFactory::invoke() /var/www/html/ck_product/vendor/cakephp/cakephp/src/Controller/ControllerFactory.php, line 114
Cake\Http\BaseApplication::handle() /var/www/html/ck_product/vendor/cakephp/cakephp/src/Http/BaseApplication.php, line 320
Cake\Http\Runner::handle() /var/www/html/ck_product/vendor/cakephp/cakephp/src/Http/Runner.php, line 77
Cake\Http\Middleware\CsrfProtectionMiddleware::process() /var/www/html/ck_product/vendor/cakephp/cakephp/src/Http/Middleware/CsrfProtectionMiddleware.php, line 174
Cake\Http\Runner::handle() /var/www/html/ck_product/vendor/cakephp/cakephp/src/Http/Runner.php, line 73
Cake\Http\Middleware\BodyParserMiddleware::process() /var/www/html/ck_product/vendor/cakephp/cakephp/src/Http/Middleware/BodyParserMiddleware.php, line 162
Cake\Http\Runner::handle() /var/www/html/ck_product/vendor/cakephp/cakephp/src/Http/Runner.php, line 73
Authentication\Middleware\AuthenticationMiddleware::process() /var/www/html/ck_product/vendor/cakephp/authentication/src/Middleware/AuthenticationMiddleware.php, line 124
Cake\Http\Runner::handle() /var/www/html/ck_product/vendor/cakephp/cakephp/src/Http/Runner.php, line 73
Cake\Routing\Middleware\RoutingMiddleware::process() /var/www/html/ck_product/vendor/cakephp/cakephp/src/Routing/Middleware/RoutingMiddleware.php, line 186
Cake\Http\Runner::handle() /var/www/html/ck_product/vendor/cakephp/cakephp/src/Http/Runner.php, line 73
Cake\Routing\Middleware\AssetMiddleware::process() /var/www/html/ck_product/vendor/cakephp/cakephp/src/Routing/Middleware/AssetMiddleware.php, line 68
Cake\Http\Runner::handle() /var/www/html/ck_product/vendor/cakephp/cakephp/src/Http/Runner.php, line 73
Cake\Error\Middleware\ErrorHandlerMiddleware::process() /var/www/html/ck_product/vendor/cakephp/cakephp/src/Error/Middleware/ErrorHandlerMiddleware.php, line 131
Cake\Http\Runner::handle() /var/www/html/ck_product/vendor/cakephp/cakephp/src/Http/Runner.php, line 73
DebugKit\Middleware\DebugKitMiddleware::process() /var/www/html/ck_product/vendor/cakephp/debug_kit/src/Middleware/DebugKitMiddleware.php, line 60
Cake\Http\Runner::handle() /var/www/html/ck_product/vendor/cakephp/cakephp/src/Http/Runner.php, line 73
Cake\Http\Runner::run() /var/www/html/ck_product/vendor/cakephp/cakephp/src/Http/Runner.php, line 58
Cake\Http\Server::run() /var/www/html/ck_product/vendor/cakephp/cakephp/src/Http/Server.php, line 90
[main] /var/www/html/ck_product/webroot/index.php, line 40

2023-01-31 06:07:56 notice: Undefined index: user_profile[profile_image]
Request URL: /users/add
Referer URL: http://localhost:8765/users/add
Client IP: 127.0.0.1
Trace:
App\Controller\UsersController::add() /var/www/html/ck_product/src/Controller/UsersController.php, line 67
Cake\Controller\Controller::invokeAction() /var/www/html/ck_product/vendor/cakephp/cakephp/src/Controller/Controller.php, line 547
Cake\Controller\ControllerFactory::handle() /var/www/html/ck_product/vendor/cakephp/cakephp/src/Controller/ControllerFactory.php, line 139
Cake\Controller\ControllerFactory::invoke() /var/www/html/ck_product/vendor/cakephp/cakephp/src/Controller/ControllerFactory.php, line 114
Cake\Http\BaseApplication::handle() /var/www/html/ck_product/vendor/cakephp/cakephp/src/Http/BaseApplication.php, line 320
Cake\Http\Runner::handle() /var/www/html/ck_product/vendor/cakephp/cakephp/src/Http/Runner.php, line 77
Cake\Http\Middleware\CsrfProtectionMiddleware::process() /var/www/html/ck_product/vendor/cakephp/cakephp/src/Http/Middleware/CsrfProtectionMiddleware.php, line 174
Cake\Http\Runner::handle() /var/www/html/ck_product/vendor/cakephp/cakephp/src/Http/Runner.php, line 73
Cake\Http\Middleware\BodyParserMiddleware::process() /var/www/html/ck_product/vendor/cakephp/cakephp/src/Http/Middleware/BodyParserMiddleware.php, line 162
Cake\Http\Runner::handle() /var/www/html/ck_product/vendor/cakephp/cakephp/src/Http/Runner.php, line 73
Authentication\Middleware\AuthenticationMiddleware::process() /var/www/html/ck_product/vendor/cakephp/authentication/src/Middleware/AuthenticationMiddleware.php, line 124
Cake\Http\Runner::handle() /var/www/html/ck_product/vendor/cakephp/cakephp/src/Http/Runner.php, line 73
Cake\Routing\Middleware\RoutingMiddleware::process() /var/www/html/ck_product/vendor/cakephp/cakephp/src/Routing/Middleware/RoutingMiddleware.php, line 186
Cake\Http\Runner::handle() /var/www/html/ck_product/vendor/cakephp/cakephp/src/Http/Runner.php, line 73
Cake\Routing\Middleware\AssetMiddleware::process() /var/www/html/ck_product/vendor/cakephp/cakephp/src/Routing/Middleware/AssetMiddleware.php, line 68
Cake\Http\Runner::handle() /var/www/html/ck_product/vendor/cakephp/cakephp/src/Http/Runner.php, line 73
Cake\Error\Middleware\ErrorHandlerMiddleware::process() /var/www/html/ck_product/vendor/cakephp/cakephp/src/Error/Middleware/ErrorHandlerMiddleware.php, line 131
Cake\Http\Runner::handle() /var/www/html/ck_product/vendor/cakephp/cakephp/src/Http/Runner.php, line 73
DebugKit\Middleware\DebugKitMiddleware::process() /var/www/html/ck_product/vendor/cakephp/debug_kit/src/Middleware/DebugKitMiddleware.php, line 60
Cake\Http\Runner::handle() /var/www/html/ck_product/vendor/cakephp/cakephp/src/Http/Runner.php, line 73
Cake\Http\Runner::run() /var/www/html/ck_product/vendor/cakephp/cakephp/src/Http/Runner.php, line 58
Cake\Http\Server::run() /var/www/html/ck_product/vendor/cakephp/cakephp/src/Http/Server.php, line 90
[main] /var/www/html/ck_product/webroot/index.php, line 40

2023-01-31 06:08:11 notice: Undefined index: profile_image
Request URL: /users/add
Referer URL: http://localhost:8765/users/add
Client IP: 127.0.0.1
Trace:
App\Controller\UsersController::add() /var/www/html/ck_product/src/Controller/UsersController.php, line 67
Cake\Controller\Controller::invokeAction() /var/www/html/ck_product/vendor/cakephp/cakephp/src/Controller/Controller.php, line 547
Cake\Controller\ControllerFactory::handle() /var/www/html/ck_product/vendor/cakephp/cakephp/src/Controller/ControllerFactory.php, line 139
Cake\Controller\ControllerFactory::invoke() /var/www/html/ck_product/vendor/cakephp/cakephp/src/Controller/ControllerFactory.php, line 114
Cake\Http\BaseApplication::handle() /var/www/html/ck_product/vendor/cakephp/cakephp/src/Http/BaseApplication.php, line 320
Cake\Http\Runner::handle() /var/www/html/ck_product/vendor/cakephp/cakephp/src/Http/Runner.php, line 77
Cake\Http\Middleware\CsrfProtectionMiddleware::process() /var/www/html/ck_product/vendor/cakephp/cakephp/src/Http/Middleware/CsrfProtectionMiddleware.php, line 174
Cake\Http\Runner::handle() /var/www/html/ck_product/vendor/cakephp/cakephp/src/Http/Runner.php, line 73
Cake\Http\Middleware\BodyParserMiddleware::process() /var/www/html/ck_product/vendor/cakephp/cakephp/src/Http/Middleware/BodyParserMiddleware.php, line 162
Cake\Http\Runner::handle() /var/www/html/ck_product/vendor/cakephp/cakephp/src/Http/Runner.php, line 73
Authentication\Middleware\AuthenticationMiddleware::process() /var/www/html/ck_product/vendor/cakephp/authentication/src/Middleware/AuthenticationMiddleware.php, line 124
Cake\Http\Runner::handle() /var/www/html/ck_product/vendor/cakephp/cakephp/src/Http/Runner.php, line 73
Cake\Routing\Middleware\RoutingMiddleware::process() /var/www/html/ck_product/vendor/cakephp/cakephp/src/Routing/Middleware/RoutingMiddleware.php, line 186
Cake\Http\Runner::handle() /var/www/html/ck_product/vendor/cakephp/cakephp/src/Http/Runner.php, line 73
Cake\Routing\Middleware\AssetMiddleware::process() /var/www/html/ck_product/vendor/cakephp/cakephp/src/Routing/Middleware/AssetMiddleware.php, line 68
Cake\Http\Runner::handle() /var/www/html/ck_product/vendor/cakephp/cakephp/src/Http/Runner.php, line 73
Cake\Error\Middleware\ErrorHandlerMiddleware::process() /var/www/html/ck_product/vendor/cakephp/cakephp/src/Error/Middleware/ErrorHandlerMiddleware.php, line 131
Cake\Http\Runner::handle() /var/www/html/ck_product/vendor/cakephp/cakephp/src/Http/Runner.php, line 73
DebugKit\Middleware\DebugKitMiddleware::process() /var/www/html/ck_product/vendor/cakephp/debug_kit/src/Middleware/DebugKitMiddleware.php, line 60
Cake\Http\Runner::handle() /var/www/html/ck_product/vendor/cakephp/cakephp/src/Http/Runner.php, line 73
Cake\Http\Runner::run() /var/www/html/ck_product/vendor/cakephp/cakephp/src/Http/Runner.php, line 58
Cake\Http\Server::run() /var/www/html/ck_product/vendor/cakephp/cakephp/src/Http/Server.php, line 90
[main] /var/www/html/ck_product/webroot/index.php, line 40

2023-01-31 06:08:55 notice: Undefined index: profile_image
Request URL: /users/add
Referer URL: http://localhost:8765/users/add
Client IP: 127.0.0.1
Trace:
App\Controller\UsersController::add() /var/www/html/ck_product/src/Controller/UsersController.php, line 68
Cake\Controller\Controller::invokeAction() /var/www/html/ck_product/vendor/cakephp/cakephp/src/Controller/Controller.php, line 547
Cake\Controller\ControllerFactory::handle() /var/www/html/ck_product/vendor/cakephp/cakephp/src/Controller/ControllerFactory.php, line 139
Cake\Controller\ControllerFactory::invoke() /var/www/html/ck_product/vendor/cakephp/cakephp/src/Controller/ControllerFactory.php, line 114
Cake\Http\BaseApplication::handle() /var/www/html/ck_product/vendor/cakephp/cakephp/src/Http/BaseApplication.php, line 320
Cake\Http\Runner::handle() /var/www/html/ck_product/vendor/cakephp/cakephp/src/Http/Runner.php, line 77
Cake\Http\Middleware\CsrfProtectionMiddleware::process() /var/www/html/ck_product/vendor/cakephp/cakephp/src/Http/Middleware/CsrfProtectionMiddleware.php, line 174
Cake\Http\Runner::handle() /var/www/html/ck_product/vendor/cakephp/cakephp/src/Http/Runner.php, line 73
Cake\Http\Middleware\BodyParserMiddleware::process() /var/www/html/ck_product/vendor/cakephp/cakephp/src/Http/Middleware/BodyParserMiddleware.php, line 162
Cake\Http\Runner::handle() /var/www/html/ck_product/vendor/cakephp/cakephp/src/Http/Runner.php, line 73
Authentication\Middleware\AuthenticationMiddleware::process() /var/www/html/ck_product/vendor/cakephp/authentication/src/Middleware/AuthenticationMiddleware.php, line 124
Cake\Http\Runner::handle() /var/www/html/ck_product/vendor/cakephp/cakephp/src/Http/Runner.php, line 73
Cake\Routing\Middleware\RoutingMiddleware::process() /var/www/html/ck_product/vendor/cakephp/cakephp/src/Routing/Middleware/RoutingMiddleware.php, line 186
Cake\Http\Runner::handle() /var/www/html/ck_product/vendor/cakephp/cakephp/src/Http/Runner.php, line 73
Cake\Routing\Middleware\AssetMiddleware::process() /var/www/html/ck_product/vendor/cakephp/cakephp/src/Routing/Middleware/AssetMiddleware.php, line 68
Cake\Http\Runner::handle() /var/www/html/ck_product/vendor/cakephp/cakephp/src/Http/Runner.php, line 73
Cake\Error\Middleware\ErrorHandlerMiddleware::process() /var/www/html/ck_product/vendor/cakephp/cakephp/src/Error/Middleware/ErrorHandlerMiddleware.php, line 131
Cake\Http\Runner::handle() /var/www/html/ck_product/vendor/cakephp/cakephp/src/Http/Runner.php, line 73
DebugKit\Middleware\DebugKitMiddleware::process() /var/www/html/ck_product/vendor/cakephp/debug_kit/src/Middleware/DebugKitMiddleware.php, line 60
Cake\Http\Runner::handle() /var/www/html/ck_product/vendor/cakephp/cakephp/src/Http/Runner.php, line 73
Cake\Http\Runner::run() /var/www/html/ck_product/vendor/cakephp/cakephp/src/Http/Runner.php, line 58
Cake\Http\Server::run() /var/www/html/ck_product/vendor/cakephp/cakephp/src/Http/Server.php, line 90
[main] /var/www/html/ck_product/webroot/index.php, line 40

2023-01-31 06:09:12 notice: Undefined index: profile_image
Request URL: /users/add
Referer URL: http://localhost:8765/users/add
Client IP: 127.0.0.1
Trace:
App\Controller\UsersController::add() /var/www/html/ck_product/src/Controller/UsersController.php, line 68
Cake\Controller\Controller::invokeAction() /var/www/html/ck_product/vendor/cakephp/cakephp/src/Controller/Controller.php, line 547
Cake\Controller\ControllerFactory::handle() /var/www/html/ck_product/vendor/cakephp/cakephp/src/Controller/ControllerFactory.php, line 139
Cake\Controller\ControllerFactory::invoke() /var/www/html/ck_product/vendor/cakephp/cakephp/src/Controller/ControllerFactory.php, line 114
Cake\Http\BaseApplication::handle() /var/www/html/ck_product/vendor/cakephp/cakephp/src/Http/BaseApplication.php, line 320
Cake\Http\Runner::handle() /var/www/html/ck_product/vendor/cakephp/cakephp/src/Http/Runner.php, line 77
Cake\Http\Middleware\CsrfProtectionMiddleware::process() /var/www/html/ck_product/vendor/cakephp/cakephp/src/Http/Middleware/CsrfProtectionMiddleware.php, line 174
Cake\Http\Runner::handle() /var/www/html/ck_product/vendor/cakephp/cakephp/src/Http/Runner.php, line 73
Cake\Http\Middleware\BodyParserMiddleware::process() /var/www/html/ck_product/vendor/cakephp/cakephp/src/Http/Middleware/BodyParserMiddleware.php, line 162
Cake\Http\Runner::handle() /var/www/html/ck_product/vendor/cakephp/cakephp/src/Http/Runner.php, line 73
Authentication\Middleware\AuthenticationMiddleware::process() /var/www/html/ck_product/vendor/cakephp/authentication/src/Middleware/AuthenticationMiddleware.php, line 124
Cake\Http\Runner::handle() /var/www/html/ck_product/vendor/cakephp/cakephp/src/Http/Runner.php, line 73
Cake\Routing\Middleware\RoutingMiddleware::process() /var/www/html/ck_product/vendor/cakephp/cakephp/src/Routing/Middleware/RoutingMiddleware.php, line 186
Cake\Http\Runner::handle() /var/www/html/ck_product/vendor/cakephp/cakephp/src/Http/Runner.php, line 73
Cake\Routing\Middleware\AssetMiddleware::process() /var/www/html/ck_product/vendor/cakephp/cakephp/src/Routing/Middleware/AssetMiddleware.php, line 68
Cake\Http\Runner::handle() /var/www/html/ck_product/vendor/cakephp/cakephp/src/Http/Runner.php, line 73
Cake\Error\Middleware\ErrorHandlerMiddleware::process() /var/www/html/ck_product/vendor/cakephp/cakephp/src/Error/Middleware/ErrorHandlerMiddleware.php, line 131
Cake\Http\Runner::handle() /var/www/html/ck_product/vendor/cakephp/cakephp/src/Http/Runner.php, line 73
DebugKit\Middleware\DebugKitMiddleware::process() /var/www/html/ck_product/vendor/cakephp/debug_kit/src/Middleware/DebugKitMiddleware.php, line 60
Cake\Http\Runner::handle() /var/www/html/ck_product/vendor/cakephp/cakephp/src/Http/Runner.php, line 73
Cake\Http\Runner::run() /var/www/html/ck_product/vendor/cakephp/cakephp/src/Http/Runner.php, line 58
Cake\Http\Server::run() /var/www/html/ck_product/vendor/cakephp/cakephp/src/Http/Server.php, line 90
[main] /var/www/html/ck_product/webroot/index.php, line 40

2023-01-31 06:11:48 notice: Undefined index: user_profile.profile_image
Request URL: /users/add
Referer URL: http://localhost:8765/users/add
Client IP: 127.0.0.1
Trace:
App\Controller\UsersController::add() /var/www/html/ck_product/src/Controller/UsersController.php, line 68
Cake\Controller\Controller::invokeAction() /var/www/html/ck_product/vendor/cakephp/cakephp/src/Controller/Controller.php, line 547
Cake\Controller\ControllerFactory::handle() /var/www/html/ck_product/vendor/cakephp/cakephp/src/Controller/ControllerFactory.php, line 139
Cake\Controller\ControllerFactory::invoke() /var/www/html/ck_product/vendor/cakephp/cakephp/src/Controller/ControllerFactory.php, line 114
Cake\Http\BaseApplication::handle() /var/www/html/ck_product/vendor/cakephp/cakephp/src/Http/BaseApplication.php, line 320
Cake\Http\Runner::handle() /var/www/html/ck_product/vendor/cakephp/cakephp/src/Http/Runner.php, line 77
Cake\Http\Middleware\CsrfProtectionMiddleware::process() /var/www/html/ck_product/vendor/cakephp/cakephp/src/Http/Middleware/CsrfProtectionMiddleware.php, line 174
Cake\Http\Runner::handle() /var/www/html/ck_product/vendor/cakephp/cakephp/src/Http/Runner.php, line 73
Cake\Http\Middleware\BodyParserMiddleware::process() /var/www/html/ck_product/vendor/cakephp/cakephp/src/Http/Middleware/BodyParserMiddleware.php, line 162
Cake\Http\Runner::handle() /var/www/html/ck_product/vendor/cakephp/cakephp/src/Http/Runner.php, line 73
Authentication\Middleware\AuthenticationMiddleware::process() /var/www/html/ck_product/vendor/cakephp/authentication/src/Middleware/AuthenticationMiddleware.php, line 124
Cake\Http\Runner::handle() /var/www/html/ck_product/vendor/cakephp/cakephp/src/Http/Runner.php, line 73
Cake\Routing\Middleware\RoutingMiddleware::process() /var/www/html/ck_product/vendor/cakephp/cakephp/src/Routing/Middleware/RoutingMiddleware.php, line 186
Cake\Http\Runner::handle() /var/www/html/ck_product/vendor/cakephp/cakephp/src/Http/Runner.php, line 73
Cake\Routing\Middleware\AssetMiddleware::process() /var/www/html/ck_product/vendor/cakephp/cakephp/src/Routing/Middleware/AssetMiddleware.php, line 68
Cake\Http\Runner::handle() /var/www/html/ck_product/vendor/cakephp/cakephp/src/Http/Runner.php, line 73
Cake\Error\Middleware\ErrorHandlerMiddleware::process() /var/www/html/ck_product/vendor/cakephp/cakephp/src/Error/Middleware/ErrorHandlerMiddleware.php, line 131
Cake\Http\Runner::handle() /var/www/html/ck_product/vendor/cakephp/cakephp/src/Http/Runner.php, line 73
DebugKit\Middleware\DebugKitMiddleware::process() /var/www/html/ck_product/vendor/cakephp/debug_kit/src/Middleware/DebugKitMiddleware.php, line 60
Cake\Http\Runner::handle() /var/www/html/ck_product/vendor/cakephp/cakephp/src/Http/Runner.php, line 73
Cake\Http\Runner::run() /var/www/html/ck_product/vendor/cakephp/cakephp/src/Http/Runner.php, line 58
Cake\Http\Server::run() /var/www/html/ck_product/vendor/cakephp/cakephp/src/Http/Server.php, line 90
[main] /var/www/html/ck_product/webroot/index.php, line 40

2023-01-31 06:12:46 notice: Undefined index: profile_image
Request URL: /users/add
Referer URL: http://localhost:8765/users/add
Client IP: 127.0.0.1
Trace:
App\Controller\UsersController::add() /var/www/html/ck_product/src/Controller/UsersController.php, line 68
Cake\Controller\Controller::invokeAction() /var/www/html/ck_product/vendor/cakephp/cakephp/src/Controller/Controller.php, line 547
Cake\Controller\ControllerFactory::handle() /var/www/html/ck_product/vendor/cakephp/cakephp/src/Controller/ControllerFactory.php, line 139
Cake\Controller\ControllerFactory::invoke() /var/www/html/ck_product/vendor/cakephp/cakephp/src/Controller/ControllerFactory.php, line 114
Cake\Http\BaseApplication::handle() /var/www/html/ck_product/vendor/cakephp/cakephp/src/Http/BaseApplication.php, line 320
Cake\Http\Runner::handle() /var/www/html/ck_product/vendor/cakephp/cakephp/src/Http/Runner.php, line 77
Cake\Http\Middleware\CsrfProtectionMiddleware::process() /var/www/html/ck_product/vendor/cakephp/cakephp/src/Http/Middleware/CsrfProtectionMiddleware.php, line 174
Cake\Http\Runner::handle() /var/www/html/ck_product/vendor/cakephp/cakephp/src/Http/Runner.php, line 73
Cake\Http\Middleware\BodyParserMiddleware::process() /var/www/html/ck_product/vendor/cakephp/cakephp/src/Http/Middleware/BodyParserMiddleware.php, line 162
Cake\Http\Runner::handle() /var/www/html/ck_product/vendor/cakephp/cakephp/src/Http/Runner.php, line 73
Authentication\Middleware\AuthenticationMiddleware::process() /var/www/html/ck_product/vendor/cakephp/authentication/src/Middleware/AuthenticationMiddleware.php, line 124
Cake\Http\Runner::handle() /var/www/html/ck_product/vendor/cakephp/cakephp/src/Http/Runner.php, line 73
Cake\Routing\Middleware\RoutingMiddleware::process() /var/www/html/ck_product/vendor/cakephp/cakephp/src/Routing/Middleware/RoutingMiddleware.php, line 186
Cake\Http\Runner::handle() /var/www/html/ck_product/vendor/cakephp/cakephp/src/Http/Runner.php, line 73
Cake\Routing\Middleware\AssetMiddleware::process() /var/www/html/ck_product/vendor/cakephp/cakephp/src/Routing/Middleware/AssetMiddleware.php, line 68
Cake\Http\Runner::handle() /var/www/html/ck_product/vendor/cakephp/cakephp/src/Http/Runner.php, line 73
Cake\Error\Middleware\ErrorHandlerMiddleware::process() /var/www/html/ck_product/vendor/cakephp/cakephp/src/Error/Middleware/ErrorHandlerMiddleware.php, line 131
Cake\Http\Runner::handle() /var/www/html/ck_product/vendor/cakephp/cakephp/src/Http/Runner.php, line 73
DebugKit\Middleware\DebugKitMiddleware::process() /var/www/html/ck_product/vendor/cakephp/debug_kit/src/Middleware/DebugKitMiddleware.php, line 60
Cake\Http\Runner::handle() /var/www/html/ck_product/vendor/cakephp/cakephp/src/Http/Runner.php, line 73
Cake\Http\Runner::run() /var/www/html/ck_product/vendor/cakephp/cakephp/src/Http/Runner.php, line 58
Cake\Http\Server::run() /var/www/html/ck_product/vendor/cakephp/cakephp/src/Http/Server.php, line 90
[main] /var/www/html/ck_product/webroot/index.php, line 40

2023-01-31 06:12:59 notice: Undefined index: user_profile[profile_image]
Request URL: /users/add
Referer URL: http://localhost:8765/users/add
Client IP: 127.0.0.1
Trace:
App\Controller\UsersController::add() /var/www/html/ck_product/src/Controller/UsersController.php, line 68
Cake\Controller\Controller::invokeAction() /var/www/html/ck_product/vendor/cakephp/cakephp/src/Controller/Controller.php, line 547
Cake\Controller\ControllerFactory::handle() /var/www/html/ck_product/vendor/cakephp/cakephp/src/Controller/ControllerFactory.php, line 139
Cake\Controller\ControllerFactory::invoke() /var/www/html/ck_product/vendor/cakephp/cakephp/src/Controller/ControllerFactory.php, line 114
Cake\Http\BaseApplication::handle() /var/www/html/ck_product/vendor/cakephp/cakephp/src/Http/BaseApplication.php, line 320
Cake\Http\Runner::handle() /var/www/html/ck_product/vendor/cakephp/cakephp/src/Http/Runner.php, line 77
Cake\Http\Middleware\CsrfProtectionMiddleware::process() /var/www/html/ck_product/vendor/cakephp/cakephp/src/Http/Middleware/CsrfProtectionMiddleware.php, line 174
Cake\Http\Runner::handle() /var/www/html/ck_product/vendor/cakephp/cakephp/src/Http/Runner.php, line 73
Cake\Http\Middleware\BodyParserMiddleware::process() /var/www/html/ck_product/vendor/cakephp/cakephp/src/Http/Middleware/BodyParserMiddleware.php, line 162
Cake\Http\Runner::handle() /var/www/html/ck_product/vendor/cakephp/cakephp/src/Http/Runner.php, line 73
Authentication\Middleware\AuthenticationMiddleware::process() /var/www/html/ck_product/vendor/cakephp/authentication/src/Middleware/AuthenticationMiddleware.php, line 124
Cake\Http\Runner::handle() /var/www/html/ck_product/vendor/cakephp/cakephp/src/Http/Runner.php, line 73
Cake\Routing\Middleware\RoutingMiddleware::process() /var/www/html/ck_product/vendor/cakephp/cakephp/src/Routing/Middleware/RoutingMiddleware.php, line 186
Cake\Http\Runner::handle() /var/www/html/ck_product/vendor/cakephp/cakephp/src/Http/Runner.php, line 73
Cake\Routing\Middleware\AssetMiddleware::process() /var/www/html/ck_product/vendor/cakephp/cakephp/src/Routing/Middleware/AssetMiddleware.php, line 68
Cake\Http\Runner::handle() /var/www/html/ck_product/vendor/cakephp/cakephp/src/Http/Runner.php, line 73
Cake\Error\Middleware\ErrorHandlerMiddleware::process() /var/www/html/ck_product/vendor/cakephp/cakephp/src/Error/Middleware/ErrorHandlerMiddleware.php, line 131
Cake\Http\Runner::handle() /var/www/html/ck_product/vendor/cakephp/cakephp/src/Http/Runner.php, line 73
DebugKit\Middleware\DebugKitMiddleware::process() /var/www/html/ck_product/vendor/cakephp/debug_kit/src/Middleware/DebugKitMiddleware.php, line 60
Cake\Http\Runner::handle() /var/www/html/ck_product/vendor/cakephp/cakephp/src/Http/Runner.php, line 73
Cake\Http\Runner::run() /var/www/html/ck_product/vendor/cakephp/cakephp/src/Http/Runner.php, line 58
Cake\Http\Server::run() /var/www/html/ck_product/vendor/cakephp/cakephp/src/Http/Server.php, line 90
[main] /var/www/html/ck_product/webroot/index.php, line 40

2023-01-31 06:13:32 notice: Undefined index: profile_image
Request URL: /users/add
Referer URL: http://localhost:8765/users/add
Client IP: 127.0.0.1
Trace:
App\Controller\UsersController::add() /var/www/html/ck_product/src/Controller/UsersController.php, line 68
Cake\Controller\Controller::invokeAction() /var/www/html/ck_product/vendor/cakephp/cakephp/src/Controller/Controller.php, line 547
Cake\Controller\ControllerFactory::handle() /var/www/html/ck_product/vendor/cakephp/cakephp/src/Controller/ControllerFactory.php, line 139
Cake\Controller\ControllerFactory::invoke() /var/www/html/ck_product/vendor/cakephp/cakephp/src/Controller/ControllerFactory.php, line 114
Cake\Http\BaseApplication::handle() /var/www/html/ck_product/vendor/cakephp/cakephp/src/Http/BaseApplication.php, line 320
Cake\Http\Runner::handle() /var/www/html/ck_product/vendor/cakephp/cakephp/src/Http/Runner.php, line 77
Cake\Http\Middleware\CsrfProtectionMiddleware::process() /var/www/html/ck_product/vendor/cakephp/cakephp/src/Http/Middleware/CsrfProtectionMiddleware.php, line 174
Cake\Http\Runner::handle() /var/www/html/ck_product/vendor/cakephp/cakephp/src/Http/Runner.php, line 73
Cake\Http\Middleware\BodyParserMiddleware::process() /var/www/html/ck_product/vendor/cakephp/cakephp/src/Http/Middleware/BodyParserMiddleware.php, line 162
Cake\Http\Runner::handle() /var/www/html/ck_product/vendor/cakephp/cakephp/src/Http/Runner.php, line 73
Authentication\Middleware\AuthenticationMiddleware::process() /var/www/html/ck_product/vendor/cakephp/authentication/src/Middleware/AuthenticationMiddleware.php, line 124
Cake\Http\Runner::handle() /var/www/html/ck_product/vendor/cakephp/cakephp/src/Http/Runner.php, line 73
Cake\Routing\Middleware\RoutingMiddleware::process() /var/www/html/ck_product/vendor/cakephp/cakephp/src/Routing/Middleware/RoutingMiddleware.php, line 186
Cake\Http\Runner::handle() /var/www/html/ck_product/vendor/cakephp/cakephp/src/Http/Runner.php, line 73
Cake\Routing\Middleware\AssetMiddleware::process() /var/www/html/ck_product/vendor/cakephp/cakephp/src/Routing/Middleware/AssetMiddleware.php, line 68
Cake\Http\Runner::handle() /var/www/html/ck_product/vendor/cakephp/cakephp/src/Http/Runner.php, line 73
Cake\Error\Middleware\ErrorHandlerMiddleware::process() /var/www/html/ck_product/vendor/cakephp/cakephp/src/Error/Middleware/ErrorHandlerMiddleware.php, line 131
Cake\Http\Runner::handle() /var/www/html/ck_product/vendor/cakephp/cakephp/src/Http/Runner.php, line 73
DebugKit\Middleware\DebugKitMiddleware::process() /var/www/html/ck_product/vendor/cakephp/debug_kit/src/Middleware/DebugKitMiddleware.php, line 60
Cake\Http\Runner::handle() /var/www/html/ck_product/vendor/cakephp/cakephp/src/Http/Runner.php, line 73
Cake\Http\Runner::run() /var/www/html/ck_product/vendor/cakephp/cakephp/src/Http/Runner.php, line 58
Cake\Http\Server::run() /var/www/html/ck_product/vendor/cakephp/cakephp/src/Http/Server.php, line 90
[main] /var/www/html/ck_product/webroot/index.php, line 40

2023-01-31 06:28:14 notice: Undefined index: user_profile.profile_image
Request URL: /users/add
Referer URL: http://localhost:8765/users/add
Client IP: 127.0.0.1
Trace:
App\Controller\UsersController::add() /var/www/html/ck_product/src/Controller/UsersController.php, line 72
Cake\Controller\Controller::invokeAction() /var/www/html/ck_product/vendor/cakephp/cakephp/src/Controller/Controller.php, line 547
Cake\Controller\ControllerFactory::handle() /var/www/html/ck_product/vendor/cakephp/cakephp/src/Controller/ControllerFactory.php, line 139
Cake\Controller\ControllerFactory::invoke() /var/www/html/ck_product/vendor/cakephp/cakephp/src/Controller/ControllerFactory.php, line 114
Cake\Http\BaseApplication::handle() /var/www/html/ck_product/vendor/cakephp/cakephp/src/Http/BaseApplication.php, line 320
Cake\Http\Runner::handle() /var/www/html/ck_product/vendor/cakephp/cakephp/src/Http/Runner.php, line 77
Cake\Http\Middleware\CsrfProtectionMiddleware::process() /var/www/html/ck_product/vendor/cakephp/cakephp/src/Http/Middleware/CsrfProtectionMiddleware.php, line 174
Cake\Http\Runner::handle() /var/www/html/ck_product/vendor/cakephp/cakephp/src/Http/Runner.php, line 73
Cake\Http\Middleware\BodyParserMiddleware::process() /var/www/html/ck_product/vendor/cakephp/cakephp/src/Http/Middleware/BodyParserMiddleware.php, line 162
Cake\Http\Runner::handle() /var/www/html/ck_product/vendor/cakephp/cakephp/src/Http/Runner.php, line 73
Authentication\Middleware\AuthenticationMiddleware::process() /var/www/html/ck_product/vendor/cakephp/authentication/src/Middleware/AuthenticationMiddleware.php, line 124
Cake\Http\Runner::handle() /var/www/html/ck_product/vendor/cakephp/cakephp/src/Http/Runner.php, line 73
Cake\Routing\Middleware\RoutingMiddleware::process() /var/www/html/ck_product/vendor/cakephp/cakephp/src/Routing/Middleware/RoutingMiddleware.php, line 186
Cake\Http\Runner::handle() /var/www/html/ck_product/vendor/cakephp/cakephp/src/Http/Runner.php, line 73
Cake\Routing\Middleware\AssetMiddleware::process() /var/www/html/ck_product/vendor/cakephp/cakephp/src/Routing/Middleware/AssetMiddleware.php, line 68
Cake\Http\Runner::handle() /var/www/html/ck_product/vendor/cakephp/cakephp/src/Http/Runner.php, line 73
Cake\Error\Middleware\ErrorHandlerMiddleware::process() /var/www/html/ck_product/vendor/cakephp/cakephp/src/Error/Middleware/ErrorHandlerMiddleware.php, line 131
Cake\Http\Runner::handle() /var/www/html/ck_product/vendor/cakephp/cakephp/src/Http/Runner.php, line 73
DebugKit\Middleware\DebugKitMiddleware::process() /var/www/html/ck_product/vendor/cakephp/debug_kit/src/Middleware/DebugKitMiddleware.php, line 60
Cake\Http\Runner::handle() /var/www/html/ck_product/vendor/cakephp/cakephp/src/Http/Runner.php, line 73
Cake\Http\Runner::run() /var/www/html/ck_product/vendor/cakephp/cakephp/src/Http/Runner.php, line 58
Cake\Http\Server::run() /var/www/html/ck_product/vendor/cakephp/cakephp/src/Http/Server.php, line 90
[main] /var/www/html/ck_product/webroot/index.php, line 40

2023-01-31 06:28:53 notice: Trying to get property 'profile_image' of non-object
Request URL: /users/add
Referer URL: http://localhost:8765/users/add
Client IP: 127.0.0.1
Trace:
App\Controller\UsersController::add() /var/www/html/ck_product/src/Controller/UsersController.php, line 70
Cake\Controller\Controller::invokeAction() /var/www/html/ck_product/vendor/cakephp/cakephp/src/Controller/Controller.php, line 547
Cake\Controller\ControllerFactory::handle() /var/www/html/ck_product/vendor/cakephp/cakephp/src/Controller/ControllerFactory.php, line 139
Cake\Controller\ControllerFactory::invoke() /var/www/html/ck_product/vendor/cakephp/cakephp/src/Controller/ControllerFactory.php, line 114
Cake\Http\BaseApplication::handle() /var/www/html/ck_product/vendor/cakephp/cakephp/src/Http/BaseApplication.php, line 320
Cake\Http\Runner::handle() /var/www/html/ck_product/vendor/cakephp/cakephp/src/Http/Runner.php, line 77
Cake\Http\Middleware\CsrfProtectionMiddleware::process() /var/www/html/ck_product/vendor/cakephp/cakephp/src/Http/Middleware/CsrfProtectionMiddleware.php, line 174
Cake\Http\Runner::handle() /var/www/html/ck_product/vendor/cakephp/cakephp/src/Http/Runner.php, line 73
Cake\Http\Middleware\BodyParserMiddleware::process() /var/www/html/ck_product/vendor/cakephp/cakephp/src/Http/Middleware/BodyParserMiddleware.php, line 162
Cake\Http\Runner::handle() /var/www/html/ck_product/vendor/cakephp/cakephp/src/Http/Runner.php, line 73
Authentication\Middleware\AuthenticationMiddleware::process() /var/www/html/ck_product/vendor/cakephp/authentication/src/Middleware/AuthenticationMiddleware.php, line 124
Cake\Http\Runner::handle() /var/www/html/ck_product/vendor/cakephp/cakephp/src/Http/Runner.php, line 73
Cake\Routing\Middleware\RoutingMiddleware::process() /var/www/html/ck_product/vendor/cakephp/cakephp/src/Routing/Middleware/RoutingMiddleware.php, line 186
Cake\Http\Runner::handle() /var/www/html/ck_product/vendor/cakephp/cakephp/src/Http/Runner.php, line 73
Cake\Routing\Middleware\AssetMiddleware::process() /var/www/html/ck_product/vendor/cakephp/cakephp/src/Routing/Middleware/AssetMiddleware.php, line 68
Cake\Http\Runner::handle() /var/www/html/ck_product/vendor/cakephp/cakephp/src/Http/Runner.php, line 73
Cake\Error\Middleware\ErrorHandlerMiddleware::process() /var/www/html/ck_product/vendor/cakephp/cakephp/src/Error/Middleware/ErrorHandlerMiddleware.php, line 131
Cake\Http\Runner::handle() /var/www/html/ck_product/vendor/cakephp/cakephp/src/Http/Runner.php, line 73
DebugKit\Middleware\DebugKitMiddleware::process() /var/www/html/ck_product/vendor/cakephp/debug_kit/src/Middleware/DebugKitMiddleware.php, line 60
Cake\Http\Runner::handle() /var/www/html/ck_product/vendor/cakephp/cakephp/src/Http/Runner.php, line 73
Cake\Http\Runner::run() /var/www/html/ck_product/vendor/cakephp/cakephp/src/Http/Runner.php, line 58
Cake\Http\Server::run() /var/www/html/ck_product/vendor/cakephp/cakephp/src/Http/Server.php, line 90
[main] /var/www/html/ck_product/webroot/index.php, line 40

2023-01-31 06:28:53 notice: Undefined index: user_profile.profile_image
Request URL: /users/add
Referer URL: http://localhost:8765/users/add
Client IP: 127.0.0.1
Trace:
App\Controller\UsersController::add() /var/www/html/ck_product/src/Controller/UsersController.php, line 72
Cake\Controller\Controller::invokeAction() /var/www/html/ck_product/vendor/cakephp/cakephp/src/Controller/Controller.php, line 547
Cake\Controller\ControllerFactory::handle() /var/www/html/ck_product/vendor/cakephp/cakephp/src/Controller/ControllerFactory.php, line 139
Cake\Controller\ControllerFactory::invoke() /var/www/html/ck_product/vendor/cakephp/cakephp/src/Controller/ControllerFactory.php, line 114
Cake\Http\BaseApplication::handle() /var/www/html/ck_product/vendor/cakephp/cakephp/src/Http/BaseApplication.php, line 320
Cake\Http\Runner::handle() /var/www/html/ck_product/vendor/cakephp/cakephp/src/Http/Runner.php, line 77
Cake\Http\Middleware\CsrfProtectionMiddleware::process() /var/www/html/ck_product/vendor/cakephp/cakephp/src/Http/Middleware/CsrfProtectionMiddleware.php, line 174
Cake\Http\Runner::handle() /var/www/html/ck_product/vendor/cakephp/cakephp/src/Http/Runner.php, line 73
Cake\Http\Middleware\BodyParserMiddleware::process() /var/www/html/ck_product/vendor/cakephp/cakephp/src/Http/Middleware/BodyParserMiddleware.php, line 162
Cake\Http\Runner::handle() /var/www/html/ck_product/vendor/cakephp/cakephp/src/Http/Runner.php, line 73
Authentication\Middleware\AuthenticationMiddleware::process() /var/www/html/ck_product/vendor/cakephp/authentication/src/Middleware/AuthenticationMiddleware.php, line 124
Cake\Http\Runner::handle() /var/www/html/ck_product/vendor/cakephp/cakephp/src/Http/Runner.php, line 73
Cake\Routing\Middleware\RoutingMiddleware::process() /var/www/html/ck_product/vendor/cakephp/cakephp/src/Routing/Middleware/RoutingMiddleware.php, line 186
Cake\Http\Runner::handle() /var/www/html/ck_product/vendor/cakephp/cakephp/src/Http/Runner.php, line 73
Cake\Routing\Middleware\AssetMiddleware::process() /var/www/html/ck_product/vendor/cakephp/cakephp/src/Routing/Middleware/AssetMiddleware.php, line 68
Cake\Http\Runner::handle() /var/www/html/ck_product/vendor/cakephp/cakephp/src/Http/Runner.php, line 73
Cake\Error\Middleware\ErrorHandlerMiddleware::process() /var/www/html/ck_product/vendor/cakephp/cakephp/src/Error/Middleware/ErrorHandlerMiddleware.php, line 131
Cake\Http\Runner::handle() /var/www/html/ck_product/vendor/cakephp/cakephp/src/Http/Runner.php, line 73
DebugKit\Middleware\DebugKitMiddleware::process() /var/www/html/ck_product/vendor/cakephp/debug_kit/src/Middleware/DebugKitMiddleware.php, line 60
Cake\Http\Runner::handle() /var/www/html/ck_product/vendor/cakephp/cakephp/src/Http/Runner.php, line 73
Cake\Http\Runner::run() /var/www/html/ck_product/vendor/cakephp/cakephp/src/Http/Runner.php, line 58
Cake\Http\Server::run() /var/www/html/ck_product/vendor/cakephp/cakephp/src/Http/Server.php, line 90
[main] /var/www/html/ck_product/webroot/index.php, line 40

2023-01-31 06:29:42 notice: Undefined index: user_profile.profile_image
Request URL: /users/add
Referer URL: http://localhost:8765/users/add
Client IP: 127.0.0.1
Trace:
App\Controller\UsersController::add() /var/www/html/ck_product/src/Controller/UsersController.php, line 72
Cake\Controller\Controller::invokeAction() /var/www/html/ck_product/vendor/cakephp/cakephp/src/Controller/Controller.php, line 547
Cake\Controller\ControllerFactory::handle() /var/www/html/ck_product/vendor/cakephp/cakephp/src/Controller/ControllerFactory.php, line 139
Cake\Controller\ControllerFactory::invoke() /var/www/html/ck_product/vendor/cakephp/cakephp/src/Controller/ControllerFactory.php, line 114
Cake\Http\BaseApplication::handle() /var/www/html/ck_product/vendor/cakephp/cakephp/src/Http/BaseApplication.php, line 320
Cake\Http\Runner::handle() /var/www/html/ck_product/vendor/cakephp/cakephp/src/Http/Runner.php, line 77
Cake\Http\Middleware\CsrfProtectionMiddleware::process() /var/www/html/ck_product/vendor/cakephp/cakephp/src/Http/Middleware/CsrfProtectionMiddleware.php, line 174
Cake\Http\Runner::handle() /var/www/html/ck_product/vendor/cakephp/cakephp/src/Http/Runner.php, line 73
Cake\Http\Middleware\BodyParserMiddleware::process() /var/www/html/ck_product/vendor/cakephp/cakephp/src/Http/Middleware/BodyParserMiddleware.php, line 162
Cake\Http\Runner::handle() /var/www/html/ck_product/vendor/cakephp/cakephp/src/Http/Runner.php, line 73
Authentication\Middleware\AuthenticationMiddleware::process() /var/www/html/ck_product/vendor/cakephp/authentication/src/Middleware/AuthenticationMiddleware.php, line 124
Cake\Http\Runner::handle() /var/www/html/ck_product/vendor/cakephp/cakephp/src/Http/Runner.php, line 73
Cake\Routing\Middleware\RoutingMiddleware::process() /var/www/html/ck_product/vendor/cakephp/cakephp/src/Routing/Middleware/RoutingMiddleware.php, line 186
Cake\Http\Runner::handle() /var/www/html/ck_product/vendor/cakephp/cakephp/src/Http/Runner.php, line 73
Cake\Routing\Middleware\AssetMiddleware::process() /var/www/html/ck_product/vendor/cakephp/cakephp/src/Routing/Middleware/AssetMiddleware.php, line 68
Cake\Http\Runner::handle() /var/www/html/ck_product/vendor/cakephp/cakephp/src/Http/Runner.php, line 73
Cake\Error\Middleware\ErrorHandlerMiddleware::process() /var/www/html/ck_product/vendor/cakephp/cakephp/src/Error/Middleware/ErrorHandlerMiddleware.php, line 131
Cake\Http\Runner::handle() /var/www/html/ck_product/vendor/cakephp/cakephp/src/Http/Runner.php, line 73
DebugKit\Middleware\DebugKitMiddleware::process() /var/www/html/ck_product/vendor/cakephp/debug_kit/src/Middleware/DebugKitMiddleware.php, line 60
Cake\Http\Runner::handle() /var/www/html/ck_product/vendor/cakephp/cakephp/src/Http/Runner.php, line 73
Cake\Http\Runner::run() /var/www/html/ck_product/vendor/cakephp/cakephp/src/Http/Runner.php, line 58
Cake\Http\Server::run() /var/www/html/ck_product/vendor/cakephp/cakephp/src/Http/Server.php, line 90
[main] /var/www/html/ck_product/webroot/index.php, line 40

